<?xml version="1.0" encoding="utf-8"?>
<TestRun id="71f006bc-24c8-4302-8b38-fd184eb87c5a" name="richa@TITAN 2025-09-21 01:36:53" runUser="TITAN\richa" xmlns="http://microsoft.com/schemas/VisualStudio/TeamTest/2010">
  <Times creation="2025-09-21T01:36:53.2620894-05:00" queuing="2025-09-21T01:36:53.2620895-05:00" start="2025-09-21T01:36:52.7638233-05:00" finish="2025-09-21T01:36:55.1950645-05:00" />
  <TestSettings name="default" id="0adac900-744c-4f6d-8a7d-90471e0a5e19">
    <Deployment runDeploymentRoot="richa_TITAN_2025-09-21_01_36_53" />
  </TestSettings>
  <Results>
    <UnitTestResult executionId="82dc3494-0743-4802-9ebb-b489fc382de2" testId="0b1a29bd-3103-dbf6-d158-a32e9fa4a734" testName="TONfile.Tests.Lexer.TonLexerTests.Should_Tokenize_Properties" computerName="TITAN" duration="00:00:00.0032896" startTime="2025-09-21T01:36:53.2596385-05:00" endTime="2025-09-21T01:36:53.2596386-05:00" testType="13cdc9d9-ddb5-4fa4-a97d-d965ccfc6d4b" outcome="Passed" testListId="8c84fa94-04c1-424b-9868-57a2d4851a1d" relativeResultsDirectory="82dc3494-0743-4802-9ebb-b489fc382de2" />
    <UnitTestResult executionId="0971e7d4-50c5-428d-a0f9-a2d74c78e234" testId="97f24d4b-acc7-d265-035d-6b71530b7c09" testName="TONfile.Tests.Performance.PerformanceTests.Should_Scale_Linearly_With_Document_Size(propertyCount: 5000)" computerName="TITAN" duration="00:00:00.3267955" startTime="2025-09-21T01:36:54.5822962-05:00" endTime="2025-09-21T01:36:54.5822965-05:00" testType="13cdc9d9-ddb5-4fa4-a97d-d965ccfc6d4b" outcome="Passed" testListId="8c84fa94-04c1-424b-9868-57a2d4851a1d" relativeResultsDirectory="0971e7d4-50c5-428d-a0f9-a2d74c78e234" />
    <UnitTestResult executionId="69000603-1437-4641-bd7e-75a949f2b951" testId="f7633bea-fdf3-2cae-ee6c-6f3cf17bd2d9" testName="TONfile.Tests.EdgeCases.EdgeCaseTests.Should_Handle_Invalid_Enum_Index" computerName="TITAN" duration="00:00:00.0001191" startTime="2025-09-21T01:36:53.2658280-05:00" endTime="2025-09-21T01:36:53.2658281-05:00" testType="13cdc9d9-ddb5-4fa4-a97d-d965ccfc6d4b" outcome="Passed" testListId="8c84fa94-04c1-424b-9868-57a2d4851a1d" relativeResultsDirectory="69000603-1437-4641-bd7e-75a949f2b951" />
    <UnitTestResult executionId="20c4a7c6-4d45-4286-8408-1d5627a1d51d" testId="4ef9ab4b-fe1c-3306-7080-9d07447a1d06" testName="TONfile.Tests.EdgeCases.EdgeCaseTests.Should_Handle_Reserved_Characters_At_Property_Start" computerName="TITAN" duration="00:00:00.0006860" startTime="2025-09-21T01:36:53.2656856-05:00" endTime="2025-09-21T01:36:53.2656856-05:00" testType="13cdc9d9-ddb5-4fa4-a97d-d965ccfc6d4b" outcome="Passed" testListId="8c84fa94-04c1-424b-9868-57a2d4851a1d" relativeResultsDirectory="20c4a7c6-4d45-4286-8408-1d5627a1d51d" />
    <UnitTestResult executionId="2798d80b-1e4f-47bd-8fc7-08fc2bcb9fe8" testId="b3211298-560d-6e52-3c15-d34c8d5584bc" testName="TONfile.Tests.Validation.TonValidatorTests.Should_Validate_Document_With_Embedded_Schema" computerName="TITAN" duration="00:00:00.0021892" startTime="2025-09-21T01:36:53.2596165-05:00" endTime="2025-09-21T01:36:53.2596165-05:00" testType="13cdc9d9-ddb5-4fa4-a97d-d965ccfc6d4b" outcome="Passed" testListId="8c84fa94-04c1-424b-9868-57a2d4851a1d" relativeResultsDirectory="2798d80b-1e4f-47bd-8fc7-08fc2bcb9fe8" />
    <UnitTestResult executionId="f43fe88b-0320-430a-a5be-5c7313776bb8" testId="e9c38d23-63cd-605a-0c64-b28d7c5af319" testName="TONfile.Tests.Parser.TonParserTests.Should_Parse_Properties_With_At_Prefix" computerName="TITAN" duration="00:00:00.0001426" startTime="2025-09-21T01:36:53.2735601-05:00" endTime="2025-09-21T01:36:53.2735601-05:00" testType="13cdc9d9-ddb5-4fa4-a97d-d965ccfc6d4b" outcome="Passed" testListId="8c84fa94-04c1-424b-9868-57a2d4851a1d" relativeResultsDirectory="f43fe88b-0320-430a-a5be-5c7313776bb8" />
    <UnitTestResult executionId="98d4dd95-00a4-4186-9604-f79fd227520d" testId="e6da9915-ea28-e64d-1d76-25b9933e9661" testName="TONfile.Tests.Validation.TonValidatorTests.Should_Get_Default_Values_From_Schema" computerName="TITAN" duration="00:00:00.0020263" startTime="2025-09-21T01:36:53.2622001-05:00" endTime="2025-09-21T01:36:53.2622001-05:00" testType="13cdc9d9-ddb5-4fa4-a97d-d965ccfc6d4b" outcome="Passed" testListId="8c84fa94-04c1-424b-9868-57a2d4851a1d" relativeResultsDirectory="98d4dd95-00a4-4186-9604-f79fd227520d" />
    <UnitTestResult executionId="e8e8c028-2341-4f5c-9217-0eba7712e581" testId="91950727-3261-bb3e-2143-50a5eaf9f537" testName="TONfile.Tests.Parser.TonParserTests.Should_Parse_Binary_Numbers(binValue: &quot;0b1010&quot;, expectedDecimal: 10)" computerName="TITAN" duration="00:00:00.0001287" startTime="2025-09-21T01:36:53.2545552-05:00" endTime="2025-09-21T01:36:53.2545552-05:00" testType="13cdc9d9-ddb5-4fa4-a97d-d965ccfc6d4b" outcome="Passed" testListId="8c84fa94-04c1-424b-9868-57a2d4851a1d" relativeResultsDirectory="e8e8c028-2341-4f5c-9217-0eba7712e581" />
    <UnitTestResult executionId="710dfe02-a286-4777-a9e1-142e252f3411" testId="66a1a073-91de-ddc1-d2ea-4f1ccb312da9" testName="TONfile.Tests.Lexer.TonLexerTests.Should_Tokenize_Type_Annotations" computerName="TITAN" duration="00:00:00.0001990" startTime="2025-09-21T01:36:53.2634367-05:00" endTime="2025-09-21T01:36:53.2634367-05:00" testType="13cdc9d9-ddb5-4fa4-a97d-d965ccfc6d4b" outcome="Passed" testListId="8c84fa94-04c1-424b-9868-57a2d4851a1d" relativeResultsDirectory="710dfe02-a286-4777-a9e1-142e252f3411" />
    <UnitTestResult executionId="e2342927-bc9d-459f-872d-89ec7f454fb2" testId="2b429202-1c12-9426-d5ae-efc89b6a184d" testName="TONfile.Tests.Serializer.TonSerializerTests.Should_Serialize_Nested_Objects" computerName="TITAN" duration="00:00:00.0126897" startTime="2025-09-21T01:36:53.2621704-05:00" endTime="2025-09-21T01:36:53.2621705-05:00" testType="13cdc9d9-ddb5-4fa4-a97d-d965ccfc6d4b" outcome="Passed" testListId="8c84fa94-04c1-424b-9868-57a2d4851a1d" relativeResultsDirectory="e2342927-bc9d-459f-872d-89ec7f454fb2" />
    <UnitTestResult executionId="004fa76f-4621-45e0-8167-6bbadb633298" testId="570b1511-0c70-6a2b-4651-9ae7e8dcbc75" testName="TONfile.Tests.Validation.TonValidatorTests.Should_Validate_Numeric_Range_Constraints" computerName="TITAN" duration="00:00:00.0002796" startTime="2025-09-21T01:36:53.2608736-05:00" endTime="2025-09-21T01:36:53.2608737-05:00" testType="13cdc9d9-ddb5-4fa4-a97d-d965ccfc6d4b" outcome="Passed" testListId="8c84fa94-04c1-424b-9868-57a2d4851a1d" relativeResultsDirectory="004fa76f-4621-45e0-8167-6bbadb633298" />
    <UnitTestResult executionId="c9de2666-c660-41d0-81c8-f47241eb76d1" testId="13bd8305-711c-0115-8e41-edf09b31d2f6" testName="TONfile.Tests.Serializer.TonSerializerTests.Should_Serialize_Enums" computerName="TITAN" duration="00:00:00.0001587" startTime="2025-09-21T01:36:53.2632089-05:00" endTime="2025-09-21T01:36:53.2632089-05:00" testType="13cdc9d9-ddb5-4fa4-a97d-d965ccfc6d4b" outcome="Passed" testListId="8c84fa94-04c1-424b-9868-57a2d4851a1d" relativeResultsDirectory="c9de2666-c660-41d0-81c8-f47241eb76d1" />
    <UnitTestResult executionId="4ca19933-e08b-4e1e-82c8-45cdb82b2f2e" testId="ec09f3eb-ef72-b3bb-f676-3115a6643802" testName="TONfile.Tests.Lexer.TonLexerTests.Should_Tokenize_Binary_Numbers(input: &quot;0b0&quot;, expected: &quot;0b0&quot;)" computerName="TITAN" duration="00:00:00.0000031" startTime="2025-09-21T01:36:53.2613029-05:00" endTime="2025-09-21T01:36:53.2613029-05:00" testType="13cdc9d9-ddb5-4fa4-a97d-d965ccfc6d4b" outcome="Passed" testListId="8c84fa94-04c1-424b-9868-57a2d4851a1d" relativeResultsDirectory="4ca19933-e08b-4e1e-82c8-45cdb82b2f2e" />
    <UnitTestResult executionId="306f54d7-69d1-4226-880c-013b05244a37" testId="dd7e646c-df3e-d42b-7440-b668437aebaa" testName="TONfile.Tests.Performance.PerformanceTests.Should_Scale_Linearly_With_Document_Size(propertyCount: 100)" computerName="TITAN" duration="00:00:00.0001139" startTime="2025-09-21T01:36:54.5824402-05:00" endTime="2025-09-21T01:36:54.5824403-05:00" testType="13cdc9d9-ddb5-4fa4-a97d-d965ccfc6d4b" outcome="Passed" testListId="8c84fa94-04c1-424b-9868-57a2d4851a1d" relativeResultsDirectory="306f54d7-69d1-4226-880c-013b05244a37" />
    <UnitTestResult executionId="332f2f0a-7e4a-4ef6-b0e5-93ab2069be5a" testId="a2704e42-92db-fa1b-32d0-635828c441ef" testName="TONfile.Tests.Performance.PerformanceTests.Should_Handle_Deep_Nesting_Efficiently" computerName="TITAN" duration="00:00:00.0006684" startTime="2025-09-21T01:36:54.5831995-05:00" endTime="2025-09-21T01:36:54.5831997-05:00" testType="13cdc9d9-ddb5-4fa4-a97d-d965ccfc6d4b" outcome="Passed" testListId="8c84fa94-04c1-424b-9868-57a2d4851a1d" relativeResultsDirectory="332f2f0a-7e4a-4ef6-b0e5-93ab2069be5a" />
    <UnitTestResult executionId="85c4112a-492c-4f3d-9f42-36067fb7c6c9" testId="11f42f83-8357-04a3-4bf7-a609d3df1dbf" testName="TONfile.Tests.Lexer.TonLexerTests.Should_Tokenize_Hexadecimal_Numbers(input: &quot;0xFF&quot;, expected: &quot;0xFF&quot;)" computerName="TITAN" duration="00:00:00.0054810" startTime="2025-09-21T01:36:53.2596563-05:00" endTime="2025-09-21T01:36:53.2596563-05:00" testType="13cdc9d9-ddb5-4fa4-a97d-d965ccfc6d4b" outcome="Passed" testListId="8c84fa94-04c1-424b-9868-57a2d4851a1d" relativeResultsDirectory="85c4112a-492c-4f3d-9f42-36067fb7c6c9" />
    <UnitTestResult executionId="c7a22e7c-a0ae-4534-8dc1-cffb26c54e73" testId="98a1f849-d816-d269-1506-f82cfb1957a8" testName="TONfile.Tests.EdgeCases.EdgeCaseTests.Should_Handle_Duplicate_Property_Names" computerName="TITAN" duration="00:00:00.0000822" startTime="2025-09-21T01:36:53.2667064-05:00" endTime="2025-09-21T01:36:53.2667064-05:00" testType="13cdc9d9-ddb5-4fa4-a97d-d965ccfc6d4b" outcome="Passed" testListId="8c84fa94-04c1-424b-9868-57a2d4851a1d" relativeResultsDirectory="c7a22e7c-a0ae-4534-8dc1-cffb26c54e73" />
    <UnitTestResult executionId="f7b3524e-b6b2-45f5-b747-b1823e788ef0" testId="f9a2e76c-50b3-909a-ed48-c010d50b16e1" testName="TONfile.Tests.ArrayTests.Parser_Should_ParseArrayWithTypeHint" computerName="TITAN" duration="00:00:00.0034847" startTime="2025-09-21T01:36:53.2611138-05:00" endTime="2025-09-21T01:36:53.2611139-05:00" testType="13cdc9d9-ddb5-4fa4-a97d-d965ccfc6d4b" outcome="Passed" testListId="8c84fa94-04c1-424b-9868-57a2d4851a1d" relativeResultsDirectory="f7b3524e-b6b2-45f5-b747-b1823e788ef0" />
    <UnitTestResult executionId="cc833a5b-075e-4c47-93e8-7bb43e92162c" testId="a043fd8f-5aac-f4db-b302-0c173a450673" testName="TONfile.Tests.Serializer.TonSerializerTests.Should_Use_Different_Quote_Characters" computerName="TITAN" duration="00:00:00.0001091" startTime="2025-09-21T01:36:53.2593198-05:00" endTime="2025-09-21T01:36:53.2593198-05:00" testType="13cdc9d9-ddb5-4fa4-a97d-d965ccfc6d4b" outcome="Passed" testListId="8c84fa94-04c1-424b-9868-57a2d4851a1d" relativeResultsDirectory="cc833a5b-075e-4c47-93e8-7bb43e92162c" />
    <UnitTestResult executionId="406b6b2f-ea9f-4567-845d-52ac580b5cc3" testId="69859f18-c4c6-8da1-296d-6d304a1702b9" testName="TONfile.Tests.Integration.IntegrationTests.Should_Handle_File_Operations" computerName="TITAN" duration="00:00:00.0454110" startTime="2025-09-21T01:36:53.2747197-05:00" endTime="2025-09-21T01:36:53.2747198-05:00" testType="13cdc9d9-ddb5-4fa4-a97d-d965ccfc6d4b" outcome="Passed" testListId="8c84fa94-04c1-424b-9868-57a2d4851a1d" relativeResultsDirectory="406b6b2f-ea9f-4567-845d-52ac580b5cc3" />
    <UnitTestResult executionId="c9fd2f67-9da9-4af0-a8c9-39e1482fb6b9" testId="baff2f58-461e-1372-fd9c-4fdcf6e59e78" testName="TONfile.Tests.Lexer.TonLexerTests.Should_Tokenize_Binary_Numbers(input: &quot;0b1010&quot;, expected: &quot;0b1010&quot;)" computerName="TITAN" duration="00:00:00.0001066" startTime="2025-09-21T01:36:53.2611541-05:00" endTime="2025-09-21T01:36:53.2611541-05:00" testType="13cdc9d9-ddb5-4fa4-a97d-d965ccfc6d4b" outcome="Passed" testListId="8c84fa94-04c1-424b-9868-57a2d4851a1d" relativeResultsDirectory="c9fd2f67-9da9-4af0-a8c9-39e1482fb6b9" />
    <UnitTestResult executionId="7e14e7aa-b7e5-4adf-b0fc-e9ea5747620c" testId="bc2b9bc0-fd83-97b8-74a2-592be0a153d1" testName="TONfile.Tests.ArrayTests.Parser_Should_ParseArrayWithTypeAnnotation" computerName="TITAN" duration="00:00:00.0001364" startTime="2025-09-21T01:36:53.2622123-05:00" endTime="2025-09-21T01:36:53.2622124-05:00" testType="13cdc9d9-ddb5-4fa4-a97d-d965ccfc6d4b" outcome="Passed" testListId="8c84fa94-04c1-424b-9868-57a2d4851a1d" relativeResultsDirectory="7e14e7aa-b7e5-4adf-b0fc-e9ea5747620c" />
    <UnitTestResult executionId="ae53903e-eb68-4bc1-b267-3dca4c5acf20" testId="607301b8-236c-2cc2-2bb3-773c15cf7237" testName="TONfile.Tests.EdgeCases.EdgeCaseTests.Should_Handle_Empty_Enum_Values" computerName="TITAN" duration="00:00:00.0002059" startTime="2025-09-21T01:36:53.2656236-05:00" endTime="2025-09-21T01:36:53.2656236-05:00" testType="13cdc9d9-ddb5-4fa4-a97d-d965ccfc6d4b" outcome="Passed" testListId="8c84fa94-04c1-424b-9868-57a2d4851a1d" relativeResultsDirectory="ae53903e-eb68-4bc1-b267-3dca4c5acf20" />
    <UnitTestResult executionId="eed65746-d4ef-43fb-b32b-63aac7adcfea" testId="fbfe1739-140f-5e58-5dc1-82e067c7d4c5" testName="TONfile.Tests.ArrayTests.Parser_Should_ParseNestedArrays" computerName="TITAN" duration="00:00:00.0098508" startTime="2025-09-21T01:36:53.2438655-05:00" endTime="2025-09-21T01:36:53.2438657-05:00" testType="13cdc9d9-ddb5-4fa4-a97d-d965ccfc6d4b" outcome="Passed" testListId="8c84fa94-04c1-424b-9868-57a2d4851a1d" relativeResultsDirectory="eed65746-d4ef-43fb-b32b-63aac7adcfea" />
    <UnitTestResult executionId="a11e5daa-34ae-4f0b-9a30-762d0fd92752" testId="87495fee-9af5-d9fc-7103-9a4743b29363" testName="TONfile.Tests.EdgeCases.EdgeCaseTests.Should_Handle_Null_Document" computerName="TITAN" duration="00:00:00.0012469" startTime="2025-09-21T01:36:53.2746816-05:00" endTime="2025-09-21T01:36:53.2746817-05:00" testType="13cdc9d9-ddb5-4fa4-a97d-d965ccfc6d4b" outcome="Passed" testListId="8c84fa94-04c1-424b-9868-57a2d4851a1d" relativeResultsDirectory="a11e5daa-34ae-4f0b-9a30-762d0fd92752" />
    <UnitTestResult executionId="542bf2f0-a649-4c52-816c-f20f30174ee7" testId="9f08327c-7230-90dc-035c-f1ad94bb853e" testName="TONfile.Tests.Serializer.TonSerializerTests.Should_Serialize_Numbers_In_Different_Formats" computerName="TITAN" duration="00:00:00.0015291" startTime="2025-09-21T01:36:53.2585647-05:00" endTime="2025-09-21T01:36:53.2585647-05:00" testType="13cdc9d9-ddb5-4fa4-a97d-d965ccfc6d4b" outcome="Passed" testListId="8c84fa94-04c1-424b-9868-57a2d4851a1d" relativeResultsDirectory="542bf2f0-a649-4c52-816c-f20f30174ee7" />
    <UnitTestResult executionId="ed5cc098-ba7b-43ba-83eb-f40fd8b1497f" testId="0a281322-d64e-45fc-3864-b8b398cacc30" testName="TONfile.Tests.Validation.TonValidatorTests.Should_Validate_Complex_Document" computerName="TITAN" duration="00:00:00.0038236" startTime="2025-09-21T01:36:53.2634726-05:00" endTime="2025-09-21T01:36:53.2634727-05:00" testType="13cdc9d9-ddb5-4fa4-a97d-d965ccfc6d4b" outcome="Passed" testListId="8c84fa94-04c1-424b-9868-57a2d4851a1d" relativeResultsDirectory="ed5cc098-ba7b-43ba-83eb-f40fd8b1497f" />
    <UnitTestResult executionId="f97d31bb-91d0-44ab-a078-d12a16a7b322" testId="f10d0c4d-424f-2535-016e-db665a56e233" testName="TONfile.Tests.Serializer.TonSerializerTests.Should_Serialize_Simple_Properties" computerName="TITAN" duration="00:00:00.0001098" startTime="2025-09-21T01:36:53.2588208-05:00" endTime="2025-09-21T01:36:53.2588208-05:00" testType="13cdc9d9-ddb5-4fa4-a97d-d965ccfc6d4b" outcome="Passed" testListId="8c84fa94-04c1-424b-9868-57a2d4851a1d" relativeResultsDirectory="f97d31bb-91d0-44ab-a078-d12a16a7b322" />
    <UnitTestResult executionId="501fb534-17f5-4e73-ba15-632ddadf2e60" testId="817558ff-3486-7a1d-d2c8-28d0bc57cc2d" testName="TONfile.Tests.Lexer.TonLexerTests.Should_Handle_Escape_Sequences" computerName="TITAN" duration="00:00:00.0001011" startTime="2025-09-21T01:36:53.2608332-05:00" endTime="2025-09-21T01:36:53.2608333-05:00" testType="13cdc9d9-ddb5-4fa4-a97d-d965ccfc6d4b" outcome="Passed" testListId="8c84fa94-04c1-424b-9868-57a2d4851a1d" relativeResultsDirectory="501fb534-17f5-4e73-ba15-632ddadf2e60" />
    <UnitTestResult executionId="edd8353f-cc0f-4fc5-bed0-99d8f02706e4" testId="da4e540a-4a77-ef68-54d5-0486cb478444" testName="TONfile.Tests.ArrayTests.Validator_Should_ValidateNonEmptyArray" computerName="TITAN" duration="00:00:00.0003886" startTime="2025-09-21T01:36:53.2613162-05:00" endTime="2025-09-21T01:36:53.2613162-05:00" testType="13cdc9d9-ddb5-4fa4-a97d-d965ccfc6d4b" outcome="Passed" testListId="8c84fa94-04c1-424b-9868-57a2d4851a1d" relativeResultsDirectory="edd8353f-cc0f-4fc5-bed0-99d8f02706e4" />
    <UnitTestResult executionId="389dc7da-41f9-4828-bdfb-2fca8526985d" testId="0d648328-f2fc-9052-983c-911b1c648d49" testName="TONfile.Tests.EdgeCases.EdgeCaseTests.Should_Handle_Special_Characters_In_Property_Names" computerName="TITAN" duration="00:00:00.0003197" startTime="2025-09-21T01:36:53.2747085-05:00" endTime="2025-09-21T01:36:53.2747086-05:00" testType="13cdc9d9-ddb5-4fa4-a97d-d965ccfc6d4b" outcome="Passed" testListId="8c84fa94-04c1-424b-9868-57a2d4851a1d" relativeResultsDirectory="389dc7da-41f9-4828-bdfb-2fca8526985d" />
    <UnitTestResult executionId="a2137ce1-7a7f-4334-a947-3d6bcfec804f" testId="bed6e12d-9a1f-ee54-85c2-c979a11e5ebb" testName="TONfile.Tests.Serializer.TonSerializerTests.Should_Serialize_GUIDs_Lowercase" computerName="TITAN" duration="00:00:00.0001054" startTime="2025-09-21T01:36:53.2634846-05:00" endTime="2025-09-21T01:36:53.2634846-05:00" testType="13cdc9d9-ddb5-4fa4-a97d-d965ccfc6d4b" outcome="Passed" testListId="8c84fa94-04c1-424b-9868-57a2d4851a1d" relativeResultsDirectory="a2137ce1-7a7f-4334-a947-3d6bcfec804f" />
    <UnitTestResult executionId="35bf5cc9-a7fa-43a9-8634-1a5eafd20bbb" testId="85d8f119-87b9-9da2-f22c-2f5ea5223a25" testName="TONfile.Tests.Parser.TonParserTests.Should_Support_Path_Navigation" computerName="TITAN" duration="00:00:00.0144947" startTime="2025-09-21T01:36:53.2735853-05:00" endTime="2025-09-21T01:36:53.2735854-05:00" testType="13cdc9d9-ddb5-4fa4-a97d-d965ccfc6d4b" outcome="Passed" testListId="8c84fa94-04c1-424b-9868-57a2d4851a1d" relativeResultsDirectory="35bf5cc9-a7fa-43a9-8634-1a5eafd20bbb" />
    <UnitTestResult executionId="7661fa67-1a71-40b7-bc0b-85fb0481ed3d" testId="e3249253-9e99-7df9-3ee4-6819dcbb0d3c" testName="TONfile.Tests.EdgeCases.EdgeCaseTests.Should_Handle_Invalid_GUID_Format" computerName="TITAN" duration="00:00:00.0011206" startTime="2025-09-21T01:36:53.2746959-05:00" endTime="2025-09-21T01:36:53.2746960-05:00" testType="13cdc9d9-ddb5-4fa4-a97d-d965ccfc6d4b" outcome="Passed" testListId="8c84fa94-04c1-424b-9868-57a2d4851a1d" relativeResultsDirectory="7661fa67-1a71-40b7-bc0b-85fb0481ed3d" />
    <UnitTestResult executionId="412028fe-37af-493b-8929-d40674c6fe9d" testId="85754a1c-b495-0e67-54bc-50b9a843e08c" testName="TONfile.Tests.Serializer.TonSerializerTests.Should_Serialize_Type_Annotations" computerName="TITAN" duration="00:00:00.0001314" startTime="2025-09-21T01:36:53.2632356-05:00" endTime="2025-09-21T01:36:53.2632356-05:00" testType="13cdc9d9-ddb5-4fa4-a97d-d965ccfc6d4b" outcome="Passed" testListId="8c84fa94-04c1-424b-9868-57a2d4851a1d" relativeResultsDirectory="412028fe-37af-493b-8929-d40674c6fe9d" />
    <UnitTestResult executionId="056ef006-7e91-4a40-81be-9e57fa290fa9" testId="70f59379-f4a1-d1f0-16fb-4f35b683f4ec" testName="TONfile.Tests.Parser.TonParserTests.Should_Parse_Binary_Numbers(binValue: &quot;0b11111111&quot;, expectedDecimal: 255)" computerName="TITAN" duration="00:00:00.0001268" startTime="2025-09-21T01:36:53.2558072-05:00" endTime="2025-09-21T01:36:53.2558073-05:00" testType="13cdc9d9-ddb5-4fa4-a97d-d965ccfc6d4b" outcome="Passed" testListId="8c84fa94-04c1-424b-9868-57a2d4851a1d" relativeResultsDirectory="056ef006-7e91-4a40-81be-9e57fa290fa9" />
    <UnitTestResult executionId="7e634db7-83e1-491a-8df6-1c6abf8dad1d" testId="a2b90cb0-cdee-6f31-cb5d-0a923464a37d" testName="TONfile.Tests.Lexer.TonLexerTests.Should_Tokenize_Binary_Numbers(input: &quot;0B11110000&quot;, expected: &quot;0B11110000&quot;)" computerName="TITAN" duration="00:00:00.0000048" startTime="2025-09-21T01:36:53.2611647-05:00" endTime="2025-09-21T01:36:53.2611648-05:00" testType="13cdc9d9-ddb5-4fa4-a97d-d965ccfc6d4b" outcome="Passed" testListId="8c84fa94-04c1-424b-9868-57a2d4851a1d" relativeResultsDirectory="7e634db7-83e1-491a-8df6-1c6abf8dad1d" />
    <UnitTestResult executionId="02d0de12-8794-49c7-834b-e1e04d548647" testId="5c4c8479-e26b-a4e4-7be3-061610c54dd9" testName="TONfile.Tests.Lexer.TonLexerTests.Should_Tokenize_Strings_With_Single_Quotes" computerName="TITAN" duration="00:00:00.0000947" startTime="2025-09-21T01:36:53.2613218-05:00" endTime="2025-09-21T01:36:53.2613218-05:00" testType="13cdc9d9-ddb5-4fa4-a97d-d965ccfc6d4b" outcome="Passed" testListId="8c84fa94-04c1-424b-9868-57a2d4851a1d" relativeResultsDirectory="02d0de12-8794-49c7-834b-e1e04d548647" />
    <UnitTestResult executionId="84c33561-29e8-46e3-923f-ec593d9a78c0" testId="703bac18-36aa-19a2-f556-ca64deeee564" testName="TONfile.Tests.Parser.TonParserTests.Should_Parse_Binary_Numbers(binValue: &quot;0b0&quot;, expectedDecimal: 0)" computerName="TITAN" duration="00:00:00.0000136" startTime="2025-09-21T01:36:53.2558177-05:00" endTime="2025-09-21T01:36:53.2558178-05:00" testType="13cdc9d9-ddb5-4fa4-a97d-d965ccfc6d4b" outcome="Passed" testListId="8c84fa94-04c1-424b-9868-57a2d4851a1d" relativeResultsDirectory="84c33561-29e8-46e3-923f-ec593d9a78c0" />
    <UnitTestResult executionId="ae5e5a4f-9bdb-49d1-a832-803960a30f60" testId="5950ec17-8878-b6f1-8d81-94ecced0d57b" testName="TONfile.Tests.EdgeCases.EdgeCaseTests.Should_Handle_Empty_Input" computerName="TITAN" duration="00:00:00.0236379" startTime="2025-09-21T01:36:53.2654116-05:00" endTime="2025-09-21T01:36:53.2654116-05:00" testType="13cdc9d9-ddb5-4fa4-a97d-d965ccfc6d4b" outcome="Passed" testListId="8c84fa94-04c1-424b-9868-57a2d4851a1d" relativeResultsDirectory="ae5e5a4f-9bdb-49d1-a832-803960a30f60" />
    <UnitTestResult executionId="2f3a1dc4-5682-461d-a262-4011e8ac1100" testId="ee1763ab-c400-d847-009c-ab39db93d27d" testName="TONfile.Tests.Parser.TonParserTests.Should_Parse_String_With_Escape_Sequences" computerName="TITAN" duration="00:00:00.0001397" startTime="2025-09-21T01:36:53.2585147-05:00" endTime="2025-09-21T01:36:53.2585147-05:00" testType="13cdc9d9-ddb5-4fa4-a97d-d965ccfc6d4b" outcome="Passed" testListId="8c84fa94-04c1-424b-9868-57a2d4851a1d" relativeResultsDirectory="2f3a1dc4-5682-461d-a262-4011e8ac1100" />
    <UnitTestResult executionId="34f2ece1-efbb-473f-9031-3802371eac48" testId="90085bf5-b0ac-4035-f951-9262b028054c" testName="TONfile.Tests.Parser.TonParserTests.Should_Parse_Complex_Document" computerName="TITAN" duration="00:00:00.0017576" startTime="2025-09-21T01:36:53.2735167-05:00" endTime="2025-09-21T01:36:53.2735168-05:00" testType="13cdc9d9-ddb5-4fa4-a97d-d965ccfc6d4b" outcome="Passed" testListId="8c84fa94-04c1-424b-9868-57a2d4851a1d" relativeResultsDirectory="34f2ece1-efbb-473f-9031-3802371eac48" />
    <UnitTestResult executionId="12097884-92f7-42cc-ad30-076350279bb3" testId="42b71109-ba4c-f8e8-1e7d-0b5a81015770" testName="TONfile.Tests.EdgeCases.EdgeCaseTests.Should_Handle_Unclosed_Brace" computerName="TITAN" duration="00:00:00.0002426" startTime="2025-09-21T01:36:53.2666936-05:00" endTime="2025-09-21T01:36:53.2666937-05:00" testType="13cdc9d9-ddb5-4fa4-a97d-d965ccfc6d4b" outcome="Passed" testListId="8c84fa94-04c1-424b-9868-57a2d4851a1d" relativeResultsDirectory="12097884-92f7-42cc-ad30-076350279bb3" />
    <UnitTestResult executionId="e3063e02-a871-4f5a-afac-34ea8c7fda9a" testId="8a7b9b5f-424b-1178-2ea6-3559ef03b85d" testName="TONfile.Tests.Serializer.TonSerializerTests.Should_Serialize_Object_With_Instance_Count" computerName="TITAN" duration="00:00:00.0002371" startTime="2025-09-21T01:36:53.2653205-05:00" endTime="2025-09-21T01:36:53.2653206-05:00" testType="13cdc9d9-ddb5-4fa4-a97d-d965ccfc6d4b" outcome="Passed" testListId="8c84fa94-04c1-424b-9868-57a2d4851a1d" relativeResultsDirectory="e3063e02-a871-4f5a-afac-34ea8c7fda9a" />
    <UnitTestResult executionId="44dfb020-e904-4296-9eda-8b07c814c021" testId="a6e2b4ad-bb82-6d54-a072-de52f9e2f997" testName="TONfile.Tests.Validation.TonValidatorTests.Should_Validate_Pattern_Constraint" computerName="TITAN" duration="00:00:00.0090352" startTime="2025-09-21T01:36:53.1355027-05:00" endTime="2025-09-21T01:36:53.1355146-05:00" testType="13cdc9d9-ddb5-4fa4-a97d-d965ccfc6d4b" outcome="Passed" testListId="8c84fa94-04c1-424b-9868-57a2d4851a1d" relativeResultsDirectory="44dfb020-e904-4296-9eda-8b07c814c021" />
    <UnitTestResult executionId="dc0c4aa1-e804-4828-8b7a-8c667329fee2" testId="443fa8de-2dd7-620e-366a-1b32f445fde5" testName="TONfile.Tests.EdgeCases.EdgeCaseTests.Should_Handle_Very_Long_Strings" computerName="TITAN" duration="00:00:00.0006240" startTime="2025-09-21T01:36:53.2667428-05:00" endTime="2025-09-21T01:36:53.2667428-05:00" testType="13cdc9d9-ddb5-4fa4-a97d-d965ccfc6d4b" outcome="Passed" testListId="8c84fa94-04c1-424b-9868-57a2d4851a1d" relativeResultsDirectory="dc0c4aa1-e804-4828-8b7a-8c667329fee2" />
    <UnitTestResult executionId="04b4cb1b-2d3e-4c47-a588-99088f32c177" testId="1ea398d2-fbf6-67ad-13a0-b9fc78a2ed16" testName="TONfile.Tests.Serializer.TonSerializerTests.Should_Round_Trip_Serialize_And_Parse" computerName="TITAN" duration="00:00:00.0013237" startTime="2025-09-21T01:36:53.2653674-05:00" endTime="2025-09-21T01:36:53.2653675-05:00" testType="13cdc9d9-ddb5-4fa4-a97d-d965ccfc6d4b" outcome="Passed" testListId="8c84fa94-04c1-424b-9868-57a2d4851a1d" relativeResultsDirectory="04b4cb1b-2d3e-4c47-a588-99088f32c177" />
    <UnitTestResult executionId="5a28a96f-e567-4e7c-bd2e-c1623278ec17" testId="a95d4f85-5cbd-97e6-30b6-8ccf75613358" testName="TONfile.Tests.Lexer.TonLexerTests.Should_Tokenize_Decimal_Numbers(input: &quot;3.14&quot;, expected: &quot;3.14&quot;)" computerName="TITAN" duration="00:00:00.0001022" startTime="2025-09-21T01:36:53.2621895-05:00" endTime="2025-09-21T01:36:53.2621896-05:00" testType="13cdc9d9-ddb5-4fa4-a97d-d965ccfc6d4b" outcome="Passed" testListId="8c84fa94-04c1-424b-9868-57a2d4851a1d" relativeResultsDirectory="5a28a96f-e567-4e7c-bd2e-c1623278ec17" />
    <UnitTestResult executionId="81357859-03f9-4e41-885d-e09350e3075b" testId="6f673059-3fd5-12b7-a1af-cc26c13e95e1" testName="TONfile.Tests.EdgeCases.EdgeCaseTests.Should_Handle_Complex_Escape_Sequences" computerName="TITAN" duration="00:00:00.0001477" startTime="2025-09-21T01:36:53.2667304-05:00" endTime="2025-09-21T01:36:53.2667305-05:00" testType="13cdc9d9-ddb5-4fa4-a97d-d965ccfc6d4b" outcome="Passed" testListId="8c84fa94-04c1-424b-9868-57a2d4851a1d" relativeResultsDirectory="81357859-03f9-4e41-885d-e09350e3075b" />
    <UnitTestResult executionId="fe0a8b08-de37-4b07-8af5-2e739f725f00" testId="6acaa3e7-81d8-d430-2398-dccbdab6725c" testName="TONfile.Tests.Parser.TonParserTests.Should_Parse_Simple_Properties" computerName="TITAN" duration="00:00:00.0002931" startTime="2025-09-21T01:36:53.2738298-05:00" endTime="2025-09-21T01:36:53.2738299-05:00" testType="13cdc9d9-ddb5-4fa4-a97d-d965ccfc6d4b" outcome="Passed" testListId="8c84fa94-04c1-424b-9868-57a2d4851a1d" relativeResultsDirectory="fe0a8b08-de37-4b07-8af5-2e739f725f00" />
    <UnitTestResult executionId="1e440a5a-a2b5-4b13-aaa2-33653c4c9c93" testId="97e2ad9b-9190-1857-594c-0aafb3c1e97e" testName="TONfile.Tests.Lexer.TonLexerTests.Should_Tokenize_Enums(input: &quot;|0|2|4|&quot;, expected: &quot;|0|2|4|&quot;)" computerName="TITAN" duration="00:00:00.0000104" startTime="2025-09-21T01:36:53.2545395-05:00" endTime="2025-09-21T01:36:53.2545395-05:00" testType="13cdc9d9-ddb5-4fa4-a97d-d965ccfc6d4b" outcome="Passed" testListId="8c84fa94-04c1-424b-9868-57a2d4851a1d" relativeResultsDirectory="1e440a5a-a2b5-4b13-aaa2-33653c4c9c93" />
    <UnitTestResult executionId="26bb45a4-8070-418b-ac8b-9b8bb5f8616b" testId="3bb3ece9-7694-d33f-7709-7d2e438b2d84" testName="TONfile.Tests.Serializer.TonSerializerTests.Should_Serialize_Type_Hints" computerName="TITAN" duration="00:00:00.0081192" startTime="2025-09-21T01:36:53.1373132-05:00" endTime="2025-09-21T01:36:53.1373133-05:00" testType="13cdc9d9-ddb5-4fa4-a97d-d965ccfc6d4b" outcome="Passed" testListId="8c84fa94-04c1-424b-9868-57a2d4851a1d" relativeResultsDirectory="26bb45a4-8070-418b-ac8b-9b8bb5f8616b" />
    <UnitTestResult executionId="9036cb97-3002-4522-b85b-f4c464044d7f" testId="939870dc-cfb7-fc00-f1fd-41f85c3fd38b" testName="TONfile.Tests.Parser.TonParserTests.Should_Parse_Null_And_Undefined(input: &quot;undefined&quot;, expectedValue: &quot;undefined&quot;)" computerName="TITAN" duration="00:00:00.0081654" startTime="2025-09-21T01:36:53.1372853-05:00" endTime="2025-09-21T01:36:53.1372854-05:00" testType="13cdc9d9-ddb5-4fa4-a97d-d965ccfc6d4b" outcome="Passed" testListId="8c84fa94-04c1-424b-9868-57a2d4851a1d" relativeResultsDirectory="9036cb97-3002-4522-b85b-f4c464044d7f" />
    <UnitTestResult executionId="a5fa1147-544f-417c-849b-9bf2b193dbcb" testId="106f328c-c1b2-432b-2baf-a4c9818ee4f2" testName="TONfile.Tests.ArrayTests.Parser_Should_ParseStringArray" computerName="TITAN" duration="00:00:00.0003074" startTime="2025-09-21T01:36:53.2557903-05:00" endTime="2025-09-21T01:36:53.2557903-05:00" testType="13cdc9d9-ddb5-4fa4-a97d-d965ccfc6d4b" outcome="Passed" testListId="8c84fa94-04c1-424b-9868-57a2d4851a1d" relativeResultsDirectory="a5fa1147-544f-417c-849b-9bf2b193dbcb" />
    <UnitTestResult executionId="3f7f5add-78a7-49b7-93f4-db8d74130362" testId="73af98a5-625d-7506-1e20-333856a02135" testName="TONfile.Tests.Performance.PerformanceTests.Should_Round_Trip_Efficiently" computerName="TITAN" duration="00:00:00.0027328" startTime="2025-09-21T01:36:55.1526171-05:00" endTime="2025-09-21T01:36:55.1526172-05:00" testType="13cdc9d9-ddb5-4fa4-a97d-d965ccfc6d4b" outcome="Failed" testListId="8c84fa94-04c1-424b-9868-57a2d4851a1d" relativeResultsDirectory="3f7f5add-78a7-49b7-93f4-db8d74130362">
      <Output>
        <ErrorInfo>
          <Message>TONfile.TonParseException : Expected RightBrace but got </Message>
          <StackTrace>   at TONfile.TonDocumentParser.Consume(TonTokenType expectedType) in C:\Dev\DevPossible\TONfile\TONfile\TonParser.cs:line 567&#xD;
   at TONfile.TonDocumentParser.ParseObject() in C:\Dev\DevPossible\TONfile\TONfile\TonParser.cs:line 244&#xD;
   at TONfile.TonDocumentParser.ParseDocument() in C:\Dev\DevPossible\TONfile\TONfile\TonParser.cs:line 114&#xD;
   at TONfile.TonParser.Parse(String content, TonParseOptions options) in C:\Dev\DevPossible\TONfile\TONfile\TonParser.cs:line 28&#xD;
   at TONfile.Tests.Performance.PerformanceTests.Should_Round_Trip_Efficiently() in C:\Dev\DevPossible\TONfile\TONfile.Tests\Performance\PerformanceTests.cs:line 317&#xD;
   at System.RuntimeMethodHandle.InvokeMethod(Object target, Void** arguments, Signature sig, Boolean isConstructor)&#xD;
   at System.Reflection.MethodBaseInvoker.InvokeWithNoArgs(Object obj, BindingFlags invokeAttr)</StackTrace>
        </ErrorInfo>
      </Output>
    </UnitTestResult>
    <UnitTestResult executionId="04351112-552a-4b73-98bb-14d0399b39e7" testId="8670e451-697a-e675-fe20-c60f85d4221f" testName="TONfile.Tests.Validation.TonValidatorTests.Should_Validate_String_Length_Constraints" computerName="TITAN" duration="00:00:00.0004668" startTime="2025-09-21T01:36:53.2645370-05:00" endTime="2025-09-21T01:36:53.2645371-05:00" testType="13cdc9d9-ddb5-4fa4-a97d-d965ccfc6d4b" outcome="Passed" testListId="8c84fa94-04c1-424b-9868-57a2d4851a1d" relativeResultsDirectory="04351112-552a-4b73-98bb-14d0399b39e7" />
    <UnitTestResult executionId="73854847-c15f-4049-bef0-d393bc656853" testId="6c4189ba-cdbf-98c4-784e-9f601da7a0af" testName="TONfile.Tests.Lexer.TonLexerTests.Should_Tokenize_At_Prefixed_Properties" computerName="TITAN" duration="00:00:00.0003101" startTime="2025-09-21T01:36:53.2584918-05:00" endTime="2025-09-21T01:36:53.2584919-05:00" testType="13cdc9d9-ddb5-4fa4-a97d-d965ccfc6d4b" outcome="Passed" testListId="8c84fa94-04c1-424b-9868-57a2d4851a1d" relativeResultsDirectory="73854847-c15f-4049-bef0-d393bc656853" />
    <UnitTestResult executionId="3f83490f-5953-4613-b1b2-d7dbfc7af1b5" testId="1edcc5d8-6204-7cfa-0e0b-7c07f1cad3c2" testName="TONfile.Tests.Lexer.TonLexerTests.Should_Tokenize_Keywords(input: &quot;false&quot;, expectedType: Boolean)" computerName="TITAN" duration="00:00:00.0000848" startTime="2025-09-21T01:36:53.2644605-05:00" endTime="2025-09-21T01:36:53.2644606-05:00" testType="13cdc9d9-ddb5-4fa4-a97d-d965ccfc6d4b" outcome="Passed" testListId="8c84fa94-04c1-424b-9868-57a2d4851a1d" relativeResultsDirectory="3f83490f-5953-4613-b1b2-d7dbfc7af1b5" />
    <UnitTestResult executionId="125529f7-acb7-4326-9433-54836027c558" testId="80484a4c-715a-8492-8590-432bc3639748" testName="TONfile.Tests.Performance.PerformanceTests.Should_Serialize_Large_Document_Efficiently" computerName="TITAN" duration="00:00:00.0053714" startTime="2025-09-21T01:36:54.2499156-05:00" endTime="2025-09-21T01:36:54.2499157-05:00" testType="13cdc9d9-ddb5-4fa4-a97d-d965ccfc6d4b" outcome="Passed" testListId="8c84fa94-04c1-424b-9868-57a2d4851a1d" relativeResultsDirectory="125529f7-acb7-4326-9433-54836027c558" />
    <UnitTestResult executionId="2125fc61-97d7-4736-ac10-e7f010d4cc04" testId="60afff67-2ae7-04fb-b736-8f3d644362ee" testName="TONfile.Tests.Parser.TonParserTests.Should_Parse_Type_Annotations" computerName="TITAN" duration="00:00:00.0002019" startTime="2025-09-21T01:36:53.2595852-05:00" endTime="2025-09-21T01:36:53.2595852-05:00" testType="13cdc9d9-ddb5-4fa4-a97d-d965ccfc6d4b" outcome="Passed" testListId="8c84fa94-04c1-424b-9868-57a2d4851a1d" relativeResultsDirectory="2125fc61-97d7-4736-ac10-e7f010d4cc04" />
    <UnitTestResult executionId="9d71173e-6fb4-4f09-87cc-611bb6b5ceba" testId="782db939-4510-61e7-3169-1d086e7af517" testName="TONfile.Tests.EdgeCases.EdgeCaseTests.Should_Handle_Property_Path_Edge_Cases" computerName="TITAN" duration="00:00:00.0005656" startTime="2025-09-21T01:36:53.2674066-05:00" endTime="2025-09-21T01:36:53.2674066-05:00" testType="13cdc9d9-ddb5-4fa4-a97d-d965ccfc6d4b" outcome="Passed" testListId="8c84fa94-04c1-424b-9868-57a2d4851a1d" relativeResultsDirectory="9d71173e-6fb4-4f09-87cc-611bb6b5ceba" />
    <UnitTestResult executionId="97bb25f4-cb2a-42cd-bc9a-fb5e7bb3f13e" testId="2e3e44c5-4f62-28a2-5ac5-695a0efcc4e6" testName="TONfile.Tests.Integration.IntegrationTests.Should_Convert_Between_Objects_And_Ton" computerName="TITAN" duration="00:00:00.0093309" startTime="2025-09-21T01:36:53.2887255-05:00" endTime="2025-09-21T01:36:53.2887257-05:00" testType="13cdc9d9-ddb5-4fa4-a97d-d965ccfc6d4b" outcome="Failed" testListId="8c84fa94-04c1-424b-9868-57a2d4851a1d" relativeResultsDirectory="97bb25f4-cb2a-42cd-bc9a-fb5e7bb3f13e">
      <Output>
        <ErrorInfo>
          <Message>System.ArgumentException : Object of type 'System.Collections.Generic.List`1[System.Object]' cannot be converted to type 'System.String[]'.</Message>
          <StackTrace>   at System.RuntimeType.CheckValue(Object&amp; value, Binder binder, CultureInfo culture, BindingFlags invokeAttr)&#xD;
   at System.Reflection.RuntimePropertyInfo.SetValue(Object obj, Object value, Object[] index)&#xD;
   at TONfile.TonObject.ToObject[T]() in C:\Dev\DevPossible\TONfile\TONfile\TonObject.cs:line 220&#xD;
   at TONfile.Tests.Integration.IntegrationTests.Should_Convert_Between_Objects_And_Ton() in C:\Dev\DevPossible\TONfile\TONfile.Tests\Integration\IntegrationTests.cs:line 227&#xD;
   at System.RuntimeMethodHandle.InvokeMethod(Object target, Void** arguments, Signature sig, Boolean isConstructor)&#xD;
   at System.Reflection.MethodBaseInvoker.InvokeWithNoArgs(Object obj, BindingFlags invokeAttr)</StackTrace>
        </ErrorInfo>
      </Output>
    </UnitTestResult>
    <UnitTestResult executionId="b8e3d4c5-cfb5-4fb0-b074-9e1ec9c16fc2" testId="d877973c-0953-ea40-a0de-79e2c749fd19" testName="TONfile.Tests.ArrayTests.Validator_Should_ValidateArrayBaseType" computerName="TITAN" duration="00:00:00.0010990" startTime="2025-09-21T01:36:53.2634204-05:00" endTime="2025-09-21T01:36:53.2634205-05:00" testType="13cdc9d9-ddb5-4fa4-a97d-d965ccfc6d4b" outcome="Passed" testListId="8c84fa94-04c1-424b-9868-57a2d4851a1d" relativeResultsDirectory="b8e3d4c5-cfb5-4fb0-b074-9e1ec9c16fc2" />
    <UnitTestResult executionId="a41706fd-88a8-4395-b730-8ef3105a4efe" testId="2954f952-b6d8-1d07-96b5-29bc8aec5807" testName="TONfile.Tests.Integration.IntegrationTests.Should_Handle_Large_Document" computerName="TITAN" duration="00:00:00.0896535" startTime="2025-09-21T01:36:53.2738412-05:00" endTime="2025-09-21T01:36:53.2738413-05:00" testType="13cdc9d9-ddb5-4fa4-a97d-d965ccfc6d4b" outcome="Passed" testListId="8c84fa94-04c1-424b-9868-57a2d4851a1d" relativeResultsDirectory="a41706fd-88a8-4395-b730-8ef3105a4efe" />
    <UnitTestResult executionId="d209f1ae-1d47-44b7-96e3-dd8d7d5131a7" testId="430db17a-bbf9-8185-768c-f2ede267f89f" testName="TONfile.Tests.Validation.TonValidatorTests.Should_Validate_Enum_Values" computerName="TITAN" duration="00:00:00.0037795" startTime="2025-09-21T01:36:53.2611306-05:00" endTime="2025-09-21T01:36:53.2611307-05:00" testType="13cdc9d9-ddb5-4fa4-a97d-d965ccfc6d4b" outcome="Passed" testListId="8c84fa94-04c1-424b-9868-57a2d4851a1d" relativeResultsDirectory="d209f1ae-1d47-44b7-96e3-dd8d7d5131a7" />
    <UnitTestResult executionId="408c8b05-4c00-4172-95d8-f5b48a11a481" testId="1980a370-2813-8056-a1e2-5a7cd5930d21" testName="TONfile.Tests.Serializer.TonSerializerTests.Should_Sort_Properties" computerName="TITAN" duration="00:00:00.0012872" startTime="2025-09-21T01:36:53.2634495-05:00" endTime="2025-09-21T01:36:53.2634495-05:00" testType="13cdc9d9-ddb5-4fa4-a97d-d965ccfc6d4b" outcome="Passed" testListId="8c84fa94-04c1-424b-9868-57a2d4851a1d" relativeResultsDirectory="408c8b05-4c00-4172-95d8-f5b48a11a481" />
    <UnitTestResult executionId="01902757-8ae8-4941-8021-1fd7b81023c4" testId="6624b10f-f811-42bf-9bb3-a609bedd6663" testName="TONfile.Tests.EdgeCases.EdgeCaseTests.Should_Handle_Unicode_In_Strings" computerName="TITAN" duration="00:00:00.0001681" startTime="2025-09-21T01:36:53.2666685-05:00" endTime="2025-09-21T01:36:53.2666685-05:00" testType="13cdc9d9-ddb5-4fa4-a97d-d965ccfc6d4b" outcome="Passed" testListId="8c84fa94-04c1-424b-9868-57a2d4851a1d" relativeResultsDirectory="01902757-8ae8-4941-8021-1fd7b81023c4" />
    <UnitTestResult executionId="29d08079-014f-4103-aa4a-0807574965c6" testId="3a1c56ce-c588-e623-fe1b-12ddc6e2663d" testName="TONfile.Tests.Serializer.TonSerializerTests.Should_Serialize_With_Header" computerName="TITAN" duration="00:00:00.0007355" startTime="2025-09-21T01:36:53.2587842-05:00" endTime="2025-09-21T01:36:53.2587842-05:00" testType="13cdc9d9-ddb5-4fa4-a97d-d965ccfc6d4b" outcome="Passed" testListId="8c84fa94-04c1-424b-9868-57a2d4851a1d" relativeResultsDirectory="29d08079-014f-4103-aa4a-0807574965c6" />
    <UnitTestResult executionId="bd8818ee-3c10-4bc0-99ee-0909c184b801" testId="c7852203-b845-8c8a-c22f-cb0386988436" testName="TONfile.Tests.Lexer.TonLexerTests.Should_Tokenize_Object_With_Class" computerName="TITAN" duration="00:00:00.0013482" startTime="2025-09-21T01:36:53.2619586-05:00" endTime="2025-09-21T01:36:53.2619586-05:00" testType="13cdc9d9-ddb5-4fa4-a97d-d965ccfc6d4b" outcome="Passed" testListId="8c84fa94-04c1-424b-9868-57a2d4851a1d" relativeResultsDirectory="bd8818ee-3c10-4bc0-99ee-0909c184b801" />
    <UnitTestResult executionId="602b3f55-b911-4e3d-9a80-3d5206b38316" testId="147d6512-8bac-e6ee-89c1-f78358f49ab8" testName="TONfile.Tests.Lexer.TonLexerTests.Should_Tokenize_Decimal_Numbers(input: &quot;5E-3&quot;, expected: &quot;5E-3&quot;)" computerName="TITAN" duration="00:00:00.0000028" startTime="2025-09-21T01:36:53.2623914-05:00" endTime="2025-09-21T01:36:53.2623914-05:00" testType="13cdc9d9-ddb5-4fa4-a97d-d965ccfc6d4b" outcome="Passed" testListId="8c84fa94-04c1-424b-9868-57a2d4851a1d" relativeResultsDirectory="602b3f55-b911-4e3d-9a80-3d5206b38316" />
    <UnitTestResult executionId="99da6c32-634a-4035-81e3-b1ae41c37ff9" testId="c175ee6f-f866-91e1-514e-6290d12916f9" testName="TONfile.Tests.Integration.IntegrationTests.Should_Validate_With_External_Schema" computerName="TITAN" duration="00:00:00.0114666" startTime="2025-09-21T01:36:53.2558602-05:00" endTime="2025-09-21T01:36:53.2558602-05:00" testType="13cdc9d9-ddb5-4fa4-a97d-d965ccfc6d4b" outcome="Passed" testListId="8c84fa94-04c1-424b-9868-57a2d4851a1d" relativeResultsDirectory="99da6c32-634a-4035-81e3-b1ae41c37ff9" />
    <UnitTestResult executionId="11276cc3-63c8-47ed-9123-3862d57ea1eb" testId="44122266-de42-5279-dee0-e6a56146694c" testName="TONfile.Tests.Parser.TonParserTests.Should_Enforce_Property_Ordering" computerName="TITAN" duration="00:00:00.0022359" startTime="2025-09-21T01:36:53.2656109-05:00" endTime="2025-09-21T01:36:53.2656110-05:00" testType="13cdc9d9-ddb5-4fa4-a97d-d965ccfc6d4b" outcome="Passed" testListId="8c84fa94-04c1-424b-9868-57a2d4851a1d" relativeResultsDirectory="11276cc3-63c8-47ed-9123-3862d57ea1eb" />
    <UnitTestResult executionId="4744e8a6-c8f2-4522-bfc8-e185bf315021" testId="e807271c-7167-0f63-3ed4-b98de4b5d9a8" testName="TONfile.Tests.ArrayTests.Validator_Should_ValidateSortedArray" computerName="TITAN" duration="00:00:00.0005747" startTime="2025-09-21T01:36:53.2596010-05:00" endTime="2025-09-21T01:36:53.2596010-05:00" testType="13cdc9d9-ddb5-4fa4-a97d-d965ccfc6d4b" outcome="Passed" testListId="8c84fa94-04c1-424b-9868-57a2d4851a1d" relativeResultsDirectory="4744e8a6-c8f2-4522-bfc8-e185bf315021" />
    <UnitTestResult executionId="e167d98c-c6f0-45e5-9b7d-488363fa3dd8" testId="313f6851-0bdf-c423-2063-ad7ab4751605" testName="TONfile.Tests.Lexer.TonLexerTests.Should_Tokenize_Decimal_Numbers(input: &quot;1.23e10&quot;, expected: &quot;1.23e10&quot;)" computerName="TITAN" duration="00:00:00.0000139" startTime="2025-09-21T01:36:53.2624016-05:00" endTime="2025-09-21T01:36:53.2624017-05:00" testType="13cdc9d9-ddb5-4fa4-a97d-d965ccfc6d4b" outcome="Passed" testListId="8c84fa94-04c1-424b-9868-57a2d4851a1d" relativeResultsDirectory="e167d98c-c6f0-45e5-9b7d-488363fa3dd8" />
    <UnitTestResult executionId="559d1ff9-f2d6-48db-a3e6-c6b5f26ff95b" testId="0fb46a7d-3a18-b150-752d-15fbee9e7990" testName="TONfile.Tests.Performance.PerformanceTests.Should_Scale_Linearly_With_Document_Size(propertyCount: 1000)" computerName="TITAN" duration="00:00:00.0054217" startTime="2025-09-21T01:36:54.2554152-05:00" endTime="2025-09-21T01:36:54.2554153-05:00" testType="13cdc9d9-ddb5-4fa4-a97d-d965ccfc6d4b" outcome="Passed" testListId="8c84fa94-04c1-424b-9868-57a2d4851a1d" relativeResultsDirectory="559d1ff9-f2d6-48db-a3e6-c6b5f26ff95b" />
    <UnitTestResult executionId="f37536d5-fd53-4c0f-ae26-0b79e6426462" testId="cc87451b-fd35-09b1-6501-726c5ed9f677" testName="TONfile.Tests.Parser.TonParserTests.Should_Parse_Object_With_Instance_Count" computerName="TITAN" duration="00:00:00.0008793" startTime="2025-09-21T01:36:53.2656471-05:00" endTime="2025-09-21T01:36:53.2656471-05:00" testType="13cdc9d9-ddb5-4fa4-a97d-d965ccfc6d4b" outcome="Passed" testListId="8c84fa94-04c1-424b-9868-57a2d4851a1d" relativeResultsDirectory="f37536d5-fd53-4c0f-ae26-0b79e6426462" />
    <UnitTestResult executionId="7ae79e6f-216e-466b-8310-3a6da580aa4a" testId="f4d258d8-fe02-9525-264e-2df0bc813514" testName="TONfile.Tests.Parser.TonParserTests.Should_Parse_Nested_Objects" computerName="TITAN" duration="00:00:00.0002451" startTime="2025-09-21T01:36:53.2735464-05:00" endTime="2025-09-21T01:36:53.2735465-05:00" testType="13cdc9d9-ddb5-4fa4-a97d-d965ccfc6d4b" outcome="Passed" testListId="8c84fa94-04c1-424b-9868-57a2d4851a1d" relativeResultsDirectory="7ae79e6f-216e-466b-8310-3a6da580aa4a" />
    <UnitTestResult executionId="bbf89338-6d0c-43a2-a537-c69511347766" testId="9dc9213f-8e70-dbcd-b126-735ea2c846a8" testName="TONfile.Tests.Lexer.TonLexerTests.Should_Tokenize_GUIDs(input: &quot;{550e8400-e29b-41d4-a716-446655440000}&quot;)" computerName="TITAN" duration="00:00:00.0001099" startTime="2025-09-21T01:36:53.2619856-05:00" endTime="2025-09-21T01:36:53.2619856-05:00" testType="13cdc9d9-ddb5-4fa4-a97d-d965ccfc6d4b" outcome="Passed" testListId="8c84fa94-04c1-424b-9868-57a2d4851a1d" relativeResultsDirectory="bbf89338-6d0c-43a2-a537-c69511347766" />
    <UnitTestResult executionId="36db4191-c2b0-4c02-973d-47188d90ce9b" testId="9a6be436-60e7-889c-c666-1c4c5d1ebd11" testName="TONfile.Tests.Serializer.TonSerializerTests.Should_Serialize_Complex_Document" computerName="TITAN" duration="00:00:00.0010808" startTime="2025-09-21T01:36:53.2624351-05:00" endTime="2025-09-21T01:36:53.2624351-05:00" testType="13cdc9d9-ddb5-4fa4-a97d-d965ccfc6d4b" outcome="Passed" testListId="8c84fa94-04c1-424b-9868-57a2d4851a1d" relativeResultsDirectory="36db4191-c2b0-4c02-973d-47188d90ce9b" />
    <UnitTestResult executionId="71b3640c-a798-4d81-b196-a3d26aafc422" testId="ba917cec-39c0-7c01-866b-455d733fb5ec" testName="TONfile.Tests.ArrayTests.Serializer_Should_SerializeSimpleArray" computerName="TITAN" duration="00:00:00.0007949" startTime="2025-09-21T01:36:53.2624133-05:00" endTime="2025-09-21T01:36:53.2624133-05:00" testType="13cdc9d9-ddb5-4fa4-a97d-d965ccfc6d4b" outcome="Passed" testListId="8c84fa94-04c1-424b-9868-57a2d4851a1d" relativeResultsDirectory="71b3640c-a798-4d81-b196-a3d26aafc422" />
    <UnitTestResult executionId="e29d4464-5299-4b62-8f7b-3f8e7234953c" testId="a0bcbc26-d1e6-6fbd-707c-ccd639900b08" testName="TONfile.Tests.EdgeCases.EdgeCaseTests.Should_Handle_Mismatched_Quotes" computerName="TITAN" duration="00:00:00.0009052" startTime="2025-09-21T01:36:53.2656590-05:00" endTime="2025-09-21T01:36:53.2656590-05:00" testType="13cdc9d9-ddb5-4fa4-a97d-d965ccfc6d4b" outcome="Passed" testListId="8c84fa94-04c1-424b-9868-57a2d4851a1d" relativeResultsDirectory="e29d4464-5299-4b62-8f7b-3f8e7234953c" />
    <UnitTestResult executionId="c227c1fe-5f6c-423b-8d66-b02649258b02" testId="79b90f83-e398-4d17-c7de-91f41917ccec" testName="TONfile.Tests.Performance.PerformanceTests.Should_Parse_Large_Document_Efficiently" computerName="TITAN" duration="00:00:01.1075318" startTime="2025-09-21T01:36:54.2444490-05:00" endTime="2025-09-21T01:36:54.2444492-05:00" testType="13cdc9d9-ddb5-4fa4-a97d-d965ccfc6d4b" outcome="Passed" testListId="8c84fa94-04c1-424b-9868-57a2d4851a1d" relativeResultsDirectory="c227c1fe-5f6c-423b-8d66-b02649258b02" />
    <UnitTestResult executionId="96c09be1-afe4-4d73-a4a8-f40777fe11dc" testId="41f8685b-dec0-2c32-329b-2850bcab5507" testName="TONfile.Tests.Lexer.TonLexerTests.Should_Tokenize_Type_Hints(input: &quot;%&quot;, expectedType: NumberHint)" computerName="TITAN" duration="00:00:00.0000031" startTime="2025-09-21T01:36:53.2631886-05:00" endTime="2025-09-21T01:36:53.2631886-05:00" testType="13cdc9d9-ddb5-4fa4-a97d-d965ccfc6d4b" outcome="Passed" testListId="8c84fa94-04c1-424b-9868-57a2d4851a1d" relativeResultsDirectory="96c09be1-afe4-4d73-a4a8-f40777fe11dc" />
    <UnitTestResult executionId="f2951a64-cc75-4508-9393-e43ff60fef38" testId="95ef37f1-e651-7e48-aaba-b06b2765b71f" testName="TONfile.Tests.Lexer.TonLexerTests.Should_Tokenize_Enums(input: &quot;|active|&quot;, expected: &quot;|active|&quot;)" computerName="TITAN" duration="00:00:00.0001726" startTime="2025-09-21T01:36:53.2544477-05:00" endTime="2025-09-21T01:36:53.2544479-05:00" testType="13cdc9d9-ddb5-4fa4-a97d-d965ccfc6d4b" outcome="Passed" testListId="8c84fa94-04c1-424b-9868-57a2d4851a1d" relativeResultsDirectory="f2951a64-cc75-4508-9393-e43ff60fef38" />
    <UnitTestResult executionId="96c4f3ec-79be-46cc-9439-70ef8503672f" testId="9d2635c2-8414-ac8c-da4b-e1395f82712c" testName="TONfile.Tests.Lexer.TonLexerTests.Should_Tokenize_Type_Hints(input: &quot;&amp;&quot;, expectedType: GuidHint)" computerName="TITAN" duration="00:00:00.0001222" startTime="2025-09-21T01:36:53.2624472-05:00" endTime="2025-09-21T01:36:53.2624472-05:00" testType="13cdc9d9-ddb5-4fa4-a97d-d965ccfc6d4b" outcome="Passed" testListId="8c84fa94-04c1-424b-9868-57a2d4851a1d" relativeResultsDirectory="96c4f3ec-79be-46cc-9439-70ef8503672f" />
    <UnitTestResult executionId="d58ada92-197c-4e78-aebc-56d606ad1ebd" testId="fd20806e-f195-26e4-702c-815d43fef6bd" testName="TONfile.Tests.Parser.TonParserTests.Should_Parse_Empty_Object" computerName="TITAN" duration="00:00:00.0016630" startTime="2025-09-21T01:36:53.2658549-05:00" endTime="2025-09-21T01:36:53.2658550-05:00" testType="13cdc9d9-ddb5-4fa4-a97d-d965ccfc6d4b" outcome="Passed" testListId="8c84fa94-04c1-424b-9868-57a2d4851a1d" relativeResultsDirectory="d58ada92-197c-4e78-aebc-56d606ad1ebd" />
    <UnitTestResult executionId="b90f7b28-4b60-44b7-94fa-3331ffe7d0d6" testId="b32e112a-3730-d1ef-8f89-4a5c2a0f65ee" testName="TONfile.Tests.Lexer.TonLexerTests.Should_Tokenize_Header_Prefix" computerName="TITAN" duration="00:00:00.0001297" startTime="2025-09-21T01:36:53.2642450-05:00" endTime="2025-09-21T01:36:53.2642450-05:00" testType="13cdc9d9-ddb5-4fa4-a97d-d965ccfc6d4b" outcome="Passed" testListId="8c84fa94-04c1-424b-9868-57a2d4851a1d" relativeResultsDirectory="b90f7b28-4b60-44b7-94fa-3331ffe7d0d6" />
    <UnitTestResult executionId="1307d02b-4344-423c-8add-f8bb07db6dd0" testId="e76352b1-10d5-a917-8296-dcab60fd208f" testName="TONfile.Tests.Lexer.TonLexerTests.Should_Handle_Complex_Document" computerName="TITAN" duration="00:00:00.0059297" startTime="2025-09-21T01:36:53.2653802-05:00" endTime="2025-09-21T01:36:53.2653802-05:00" testType="13cdc9d9-ddb5-4fa4-a97d-d965ccfc6d4b" outcome="Passed" testListId="8c84fa94-04c1-424b-9868-57a2d4851a1d" relativeResultsDirectory="1307d02b-4344-423c-8add-f8bb07db6dd0" />
    <UnitTestResult executionId="44b35989-30dd-434c-8f11-9d2477ede3a0" testId="911c009c-4818-c0f6-ca1b-c990fe654741" testName="TONfile.Tests.Lexer.TonLexerTests.Should_Tokenize_Binary_Numbers(input: &quot;0b1&quot;, expected: &quot;0b1&quot;)" computerName="TITAN" duration="00:00:00.0001223" startTime="2025-09-21T01:36:53.2611401-05:00" endTime="2025-09-21T01:36:53.2611402-05:00" testType="13cdc9d9-ddb5-4fa4-a97d-d965ccfc6d4b" outcome="Passed" testListId="8c84fa94-04c1-424b-9868-57a2d4851a1d" relativeResultsDirectory="44b35989-30dd-434c-8f11-9d2477ede3a0" />
    <UnitTestResult executionId="08163004-2ca5-487e-a084-2630086f496d" testId="d73d2293-91b5-1670-19a6-91c66a0ffa23" testName="TONfile.Tests.Parser.TonParserTests.Should_Parse_Single_Enum" computerName="TITAN" duration="00:00:00.0001075" startTime="2025-09-21T01:36:53.2658907-05:00" endTime="2025-09-21T01:36:53.2658907-05:00" testType="13cdc9d9-ddb5-4fa4-a97d-d965ccfc6d4b" outcome="Passed" testListId="8c84fa94-04c1-424b-9868-57a2d4851a1d" relativeResultsDirectory="08163004-2ca5-487e-a084-2630086f496d" />
    <UnitTestResult executionId="2a548301-38ab-4882-b992-ec99a173be90" testId="38c3239a-721e-3812-90b8-d1cce6184bab" testName="TONfile.Tests.Lexer.TonLexerTests.Should_Skip_Multi_Line_Comments" computerName="TITAN" duration="00:00:00.0003967" startTime="2025-09-21T01:36:53.2642152-05:00" endTime="2025-09-21T01:36:53.2642152-05:00" testType="13cdc9d9-ddb5-4fa4-a97d-d965ccfc6d4b" outcome="Passed" testListId="8c84fa94-04c1-424b-9868-57a2d4851a1d" relativeResultsDirectory="2a548301-38ab-4882-b992-ec99a173be90" />
    <UnitTestResult executionId="c1bdbb02-f516-40e6-a24b-224813aec872" testId="92e68da9-0423-b4b6-aca2-24a8833d3ae6" testName="TONfile.Tests.Lexer.TonLexerTests.Should_Tokenize_Hexadecimal_Numbers(input: &quot;0x1A2B&quot;, expected: &quot;0x1A2B&quot;)" computerName="TITAN" duration="00:00:00.0000044" startTime="2025-09-21T01:36:53.2606558-05:00" endTime="2025-09-21T01:36:53.2606558-05:00" testType="13cdc9d9-ddb5-4fa4-a97d-d965ccfc6d4b" outcome="Passed" testListId="8c84fa94-04c1-424b-9868-57a2d4851a1d" relativeResultsDirectory="c1bdbb02-f516-40e6-a24b-224813aec872" />
    <UnitTestResult executionId="445c8f87-b875-44c6-9de2-d6e6cf6e7cc7" testId="9ff9151c-d18d-793d-1f76-8a7b0c7588b0" testName="TONfile.Tests.Serializer.TonSerializerTests.Should_Omit_Null_Values_When_Configured" computerName="TITAN" duration="00:00:00.0002194" startTime="2025-09-21T01:36:53.2641866-05:00" endTime="2025-09-21T01:36:53.2641866-05:00" testType="13cdc9d9-ddb5-4fa4-a97d-d965ccfc6d4b" outcome="Passed" testListId="8c84fa94-04c1-424b-9868-57a2d4851a1d" relativeResultsDirectory="445c8f87-b875-44c6-9de2-d6e6cf6e7cc7" />
    <UnitTestResult executionId="8fba506a-0543-410c-ab9c-6d67526beccc" testId="22fc68e6-5881-b55d-2b3f-52a96a8803ac" testName="TONfile.Tests.EdgeCases.EdgeCaseTests.Should_Handle_Whitespace_Only_Input" computerName="TITAN" duration="00:00:00.0003927" startTime="2025-09-21T01:36:53.2667185-05:00" endTime="2025-09-21T01:36:53.2667185-05:00" testType="13cdc9d9-ddb5-4fa4-a97d-d965ccfc6d4b" outcome="Passed" testListId="8c84fa94-04c1-424b-9868-57a2d4851a1d" relativeResultsDirectory="8fba506a-0543-410c-ab9c-6d67526beccc" />
    <UnitTestResult executionId="ace56f08-9ba3-47f6-afcf-dea5cdb62cb4" testId="4aff4d15-4850-930e-2065-873206c9751e" testName="TONfile.Tests.ArrayTests.Parser_Should_ParseMixedArray" computerName="TITAN" duration="00:00:00.0003230" startTime="2025-09-21T01:36:53.2632235-05:00" endTime="2025-09-21T01:36:53.2632236-05:00" testType="13cdc9d9-ddb5-4fa4-a97d-d965ccfc6d4b" outcome="Passed" testListId="8c84fa94-04c1-424b-9868-57a2d4851a1d" relativeResultsDirectory="ace56f08-9ba3-47f6-afcf-dea5cdb62cb4" />
    <UnitTestResult executionId="0897c6f8-fc08-46f3-981c-a09145c8179f" testId="935d907a-0519-9f9c-f0ad-89ea5c59b1e0" testName="TONfile.Tests.Lexer.TonLexerTests.Should_Tokenize_Enums(input: &quot;|read|write|&quot;, expected: &quot;|read|write|&quot;)" computerName="TITAN" duration="00:00:00.0000949" startTime="2025-09-21T01:36:53.2557731-05:00" endTime="2025-09-21T01:36:53.2557732-05:00" testType="13cdc9d9-ddb5-4fa4-a97d-d965ccfc6d4b" outcome="Passed" testListId="8c84fa94-04c1-424b-9868-57a2d4851a1d" relativeResultsDirectory="0897c6f8-fc08-46f3-981c-a09145c8179f" />
    <UnitTestResult executionId="760b976c-ab41-4932-a44d-875ccfb09514" testId="93e85aa8-f013-6e47-7561-4a37206d2c6c" testName="TONfile.Tests.Lexer.TonLexerTests.Should_Handle_Instance_Count_Hint" computerName="TITAN" duration="00:00:00.0010762" startTime="2025-09-21T01:36:53.2632596-05:00" endTime="2025-09-21T01:36:53.2632597-05:00" testType="13cdc9d9-ddb5-4fa4-a97d-d965ccfc6d4b" outcome="Passed" testListId="8c84fa94-04c1-424b-9868-57a2d4851a1d" relativeResultsDirectory="760b976c-ab41-4932-a44d-875ccfb09514" />
    <UnitTestResult executionId="434372e2-12dc-4abd-8171-e80d5764c6bc" testId="e1e5b723-85e2-8c23-ce3d-f132e5f240b2" testName="TONfile.Tests.EdgeCases.EdgeCaseTests.Should_Handle_Circular_References_Prevention" computerName="TITAN" duration="00:00:00.0000802" startTime="2025-09-21T01:36:53.2658433-05:00" endTime="2025-09-21T01:36:53.2658433-05:00" testType="13cdc9d9-ddb5-4fa4-a97d-d965ccfc6d4b" outcome="Passed" testListId="8c84fa94-04c1-424b-9868-57a2d4851a1d" relativeResultsDirectory="434372e2-12dc-4abd-8171-e80d5764c6bc" />
    <UnitTestResult executionId="04e51c04-9437-4633-82d2-88a3253ee869" testId="50eb7d2c-001a-0d7a-25fb-db8391b5744b" testName="TONfile.Tests.EdgeCases.EdgeCaseTests.Should_Handle_Comments_In_Various_Positions" computerName="TITAN" duration="00:00:00.0002700" startTime="2025-09-21T01:36:53.2666809-05:00" endTime="2025-09-21T01:36:53.2666809-05:00" testType="13cdc9d9-ddb5-4fa4-a97d-d965ccfc6d4b" outcome="Passed" testListId="8c84fa94-04c1-424b-9868-57a2d4851a1d" relativeResultsDirectory="04e51c04-9437-4633-82d2-88a3253ee869" />
    <UnitTestResult executionId="73fcd659-3f01-4247-bed5-ef8b7a29f636" testId="17e755a1-b769-8927-06fe-aa18117694b1" testName="TONfile.Tests.Validation.TonValidatorTests.Should_Validate_Required_Properties" computerName="TITAN" duration="00:00:00.0001726" startTime="2025-09-21T01:36:53.2641667-05:00" endTime="2025-09-21T01:36:53.2641667-05:00" testType="13cdc9d9-ddb5-4fa4-a97d-d965ccfc6d4b" outcome="Passed" testListId="8c84fa94-04c1-424b-9868-57a2d4851a1d" relativeResultsDirectory="73fcd659-3f01-4247-bed5-ef8b7a29f636" />
    <UnitTestResult executionId="bb879fef-ed4b-4074-9479-2a2997f99f2f" testId="ea8dc9c9-f418-0464-4009-979c21c964a0" testName="TONfile.Tests.EdgeCases.EdgeCaseTests.Should_Handle_Mixed_At_Prefix" computerName="TITAN" duration="00:00:00.0001029" startTime="2025-09-21T01:36:53.2666388-05:00" endTime="2025-09-21T01:36:53.2666388-05:00" testType="13cdc9d9-ddb5-4fa4-a97d-d965ccfc6d4b" outcome="Passed" testListId="8c84fa94-04c1-424b-9868-57a2d4851a1d" relativeResultsDirectory="bb879fef-ed4b-4074-9479-2a2997f99f2f" />
    <UnitTestResult executionId="beb8b050-c87e-4e6e-9e29-eb65632ee3fa" testId="13bf97e1-ba80-32c4-27c2-9ee3dd6629b5" testName="TONfile.Tests.Serializer.TonSerializerTests.Should_Serialize_Object_With_Class" computerName="TITAN" duration="00:00:00.0000600" startTime="2025-09-21T01:36:53.2632476-05:00" endTime="2025-09-21T01:36:53.2632477-05:00" testType="13cdc9d9-ddb5-4fa4-a97d-d965ccfc6d4b" outcome="Passed" testListId="8c84fa94-04c1-424b-9868-57a2d4851a1d" relativeResultsDirectory="beb8b050-c87e-4e6e-9e29-eb65632ee3fa" />
    <UnitTestResult executionId="dcbb5654-b742-4856-9708-0618c57ad496" testId="89a394d6-42ff-4a57-2952-f3d505b40c1a" testName="TONfile.Tests.ArrayTests.Parser_Should_ParseEmptyArray" computerName="TITAN" duration="00:00:00.0001294" startTime="2025-09-21T01:36:53.2613406-05:00" endTime="2025-09-21T01:36:53.2613406-05:00" testType="13cdc9d9-ddb5-4fa4-a97d-d965ccfc6d4b" outcome="Passed" testListId="8c84fa94-04c1-424b-9868-57a2d4851a1d" relativeResultsDirectory="dcbb5654-b742-4856-9708-0618c57ad496" />
    <UnitTestResult executionId="a295f3b4-1b05-4c70-8fec-692e80c36b69" testId="f3f216ed-f69f-9cc1-26b9-501414cebe01" testName="TONfile.Tests.Parser.TonParserTests.Should_Parse_Object_With_Class" computerName="TITAN" duration="00:00:00.0000513" startTime="2025-09-21T01:36:53.2664119-05:00" endTime="2025-09-21T01:36:53.2664120-05:00" testType="13cdc9d9-ddb5-4fa4-a97d-d965ccfc6d4b" outcome="Passed" testListId="8c84fa94-04c1-424b-9868-57a2d4851a1d" relativeResultsDirectory="a295f3b4-1b05-4c70-8fec-692e80c36b69" />
    <UnitTestResult executionId="7403e050-17dc-47b3-8773-94b41add225a" testId="50b0696c-15c7-b54c-da0f-c6ed41f37364" testName="TONfile.Tests.Lexer.TonLexerTests.Should_Tokenize_Hexadecimal_Numbers(input: &quot;0X00&quot;, expected: &quot;0X00&quot;)" computerName="TITAN" duration="00:00:00.0001069" startTime="2025-09-21T01:36:53.2606451-05:00" endTime="2025-09-21T01:36:53.2606451-05:00" testType="13cdc9d9-ddb5-4fa4-a97d-d965ccfc6d4b" outcome="Passed" testListId="8c84fa94-04c1-424b-9868-57a2d4851a1d" relativeResultsDirectory="7403e050-17dc-47b3-8773-94b41add225a" />
    <UnitTestResult executionId="a2a4ff67-b643-4d44-ab2b-187a3bb565a3" testId="9cc61431-b1f4-8098-c14e-384b9a5f4028" testName="TONfile.Tests.ArrayTests.Validator_Should_ValidateArrayMinCount" computerName="TITAN" duration="00:00:00.0016371" startTime="2025-09-21T01:36:53.2588324-05:00" endTime="2025-09-21T01:36:53.2588326-05:00" testType="13cdc9d9-ddb5-4fa4-a97d-d965ccfc6d4b" outcome="Passed" testListId="8c84fa94-04c1-424b-9868-57a2d4851a1d" relativeResultsDirectory="a2a4ff67-b643-4d44-ab2b-187a3bb565a3" />
    <UnitTestResult executionId="5de0c88a-7c29-447c-a022-c0c488d15c70" testId="5289f9b6-e8ef-bc1a-2ab6-532b7910db67" testName="TONfile.Tests.ArrayTests.Validator_Should_ValidateUniqueArray" computerName="TITAN" duration="00:00:00.0004309" startTime="2025-09-21T01:36:53.2608955-05:00" endTime="2025-09-21T01:36:53.2608955-05:00" testType="13cdc9d9-ddb5-4fa4-a97d-d965ccfc6d4b" outcome="Passed" testListId="8c84fa94-04c1-424b-9868-57a2d4851a1d" relativeResultsDirectory="5de0c88a-7c29-447c-a022-c0c488d15c70" />
    <UnitTestResult executionId="f6c34c5c-14ea-433b-be14-73428565b073" testId="9ccef886-432b-5d62-6fc2-9cdb872074dc" testName="TONfile.Tests.ArrayTests.Parser_Should_ParseSimpleArray" computerName="TITAN" duration="00:00:00.0008291" startTime="2025-09-21T01:36:53.2656704-05:00" endTime="2025-09-21T01:36:53.2656705-05:00" testType="13cdc9d9-ddb5-4fa4-a97d-d965ccfc6d4b" outcome="Passed" testListId="8c84fa94-04c1-424b-9868-57a2d4851a1d" relativeResultsDirectory="f6c34c5c-14ea-433b-be14-73428565b073" />
    <UnitTestResult executionId="c80ca800-b29c-435a-b4ab-91af2307ee7b" testId="bc4f5371-bdfe-84b0-a077-b78af92ce984" testName="TONfile.Tests.ArrayTests.TonValue_Should_ConvertArrayCorrectly" computerName="TITAN" duration="00:00:00.0004812" startTime="2025-09-21T01:36:53.2596289-05:00" endTime="2025-09-21T01:36:53.2596289-05:00" testType="13cdc9d9-ddb5-4fa4-a97d-d965ccfc6d4b" outcome="Passed" testListId="8c84fa94-04c1-424b-9868-57a2d4851a1d" relativeResultsDirectory="c80ca800-b29c-435a-b4ab-91af2307ee7b" />
    <UnitTestResult executionId="c2bc53a7-b39e-4861-a683-3178a631513b" testId="c62c9f8d-e8ea-11d7-5881-298052c79a4f" testName="TONfile.Tests.Lexer.TonLexerTests.Should_Tokenize_GUIDs(input: &quot;550e8400-e29b-41d4-a716-446655440000&quot;)" computerName="TITAN" duration="00:00:00.0001210" startTime="2025-09-21T01:36:53.2619760-05:00" endTime="2025-09-21T01:36:53.2619760-05:00" testType="13cdc9d9-ddb5-4fa4-a97d-d965ccfc6d4b" outcome="Passed" testListId="8c84fa94-04c1-424b-9868-57a2d4851a1d" relativeResultsDirectory="c2bc53a7-b39e-4861-a683-3178a631513b" />
    <UnitTestResult executionId="6bce7cdb-c019-4b80-83b4-71850b54a591" testId="65597a34-55db-ac1c-a394-072ec4872c37" testName="TONfile.Tests.Parser.TonParserTests.Should_Parse_Hexadecimal_Numbers(hexValue: &quot;0x1A2B&quot;, expectedDecimal: 6699)" computerName="TITAN" duration="00:00:00.0000174" startTime="2025-09-21T01:36:53.2608579-05:00" endTime="2025-09-21T01:36:53.2608579-05:00" testType="13cdc9d9-ddb5-4fa4-a97d-d965ccfc6d4b" outcome="Passed" testListId="8c84fa94-04c1-424b-9868-57a2d4851a1d" relativeResultsDirectory="6bce7cdb-c019-4b80-83b4-71850b54a591" />
    <UnitTestResult executionId="fefbc0d7-ef13-4a2c-9e67-de1aaaba11a6" testId="fde96ae5-1cd9-b226-233f-9a7d91f3cb17" testName="TONfile.Tests.Integration.IntegrationTests.Should_Handle_Stream_Operations" computerName="TITAN" duration="00:00:00.0025823" startTime="2025-09-21T01:36:53.3064740-05:00" endTime="2025-09-21T01:36:53.3064741-05:00" testType="13cdc9d9-ddb5-4fa4-a97d-d965ccfc6d4b" outcome="Passed" testListId="8c84fa94-04c1-424b-9868-57a2d4851a1d" relativeResultsDirectory="fefbc0d7-ef13-4a2c-9e67-de1aaaba11a6" />
    <UnitTestResult executionId="4f5f7528-947e-4a0f-b110-6b4d9b77ae28" testId="7febafef-f89c-539a-8476-f267bec9f939" testName="TONfile.Tests.Parser.TonParserTests.Should_Parse_EnumSet" computerName="TITAN" duration="00:00:00.0022365" startTime="2025-09-21T01:36:53.2593356-05:00" endTime="2025-09-21T01:36:53.2593356-05:00" testType="13cdc9d9-ddb5-4fa4-a97d-d965ccfc6d4b" outcome="Passed" testListId="8c84fa94-04c1-424b-9868-57a2d4851a1d" relativeResultsDirectory="4f5f7528-947e-4a0f-b110-6b4d9b77ae28" />
    <UnitTestResult executionId="55287722-8644-4ab1-bc48-67f09cd2081b" testId="7a326cd9-5371-89de-d24d-94306ddc0004" testName="TONfile.Tests.Parser.TonParserTests.Should_Parse_Hexadecimal_Numbers(hexValue: &quot;0x00&quot;, expectedDecimal: 0)" computerName="TITAN" duration="00:00:00.0062664" startTime="2025-09-21T01:36:53.2606199-05:00" endTime="2025-09-21T01:36:53.2606199-05:00" testType="13cdc9d9-ddb5-4fa4-a97d-d965ccfc6d4b" outcome="Passed" testListId="8c84fa94-04c1-424b-9868-57a2d4851a1d" relativeResultsDirectory="55287722-8644-4ab1-bc48-67f09cd2081b" />
    <UnitTestResult executionId="14a313ef-ea46-4baa-ab1b-09767eb81aa6" testId="f72f9f83-1f7f-581a-984c-13f719f0b6d3" testName="TONfile.Tests.Performance.PerformanceTests.Should_Validate_Large_Document_Efficiently" computerName="TITAN" duration="00:00:00.0117277" startTime="2025-09-21T01:36:53.2585561-05:00" endTime="2025-09-21T01:36:53.2585561-05:00" testType="13cdc9d9-ddb5-4fa4-a97d-d965ccfc6d4b" outcome="Passed" testListId="8c84fa94-04c1-424b-9868-57a2d4851a1d" relativeResultsDirectory="14a313ef-ea46-4baa-ab1b-09767eb81aa6" />
    <UnitTestResult executionId="42e08a93-a3a5-4419-ae9c-a183b58aef39" testId="ba325a20-b4f7-c90e-92c1-af0413fdd85b" testName="TONfile.Tests.Lexer.TonLexerTests.Should_Tokenize_Decimal_Numbers(input: &quot;-2.5&quot;, expected: &quot;-2.5&quot;)" computerName="TITAN" duration="00:00:00.0000048" startTime="2025-09-21T01:36:53.2622338-05:00" endTime="2025-09-21T01:36:53.2622338-05:00" testType="13cdc9d9-ddb5-4fa4-a97d-d965ccfc6d4b" outcome="Passed" testListId="8c84fa94-04c1-424b-9868-57a2d4851a1d" relativeResultsDirectory="42e08a93-a3a5-4419-ae9c-a183b58aef39" />
    <UnitTestResult executionId="ae280e53-a0e3-4d14-b330-48181dd59e37" testId="947e4b63-11c9-78e9-9609-aabe9d56123f" testName="TONfile.Tests.EdgeCases.EdgeCaseTests.Should_Handle_Schema_Without_Data" computerName="TITAN" duration="00:00:00.0002334" startTime="2025-09-21T01:36:53.2666559-05:00" endTime="2025-09-21T01:36:53.2666559-05:00" testType="13cdc9d9-ddb5-4fa4-a97d-d965ccfc6d4b" outcome="Passed" testListId="8c84fa94-04c1-424b-9868-57a2d4851a1d" relativeResultsDirectory="ae280e53-a0e3-4d14-b330-48181dd59e37" />
    <UnitTestResult executionId="e1f479ab-68e8-4393-8e89-5699a3fb971a" testId="34b80579-9eaf-8a95-e544-0696ebd47a3d" testName="TONfile.Tests.Serializer.TonSerializerTests.Should_Serialize_Empty_Object" computerName="TITAN" duration="00:00:00.0000688" startTime="2025-09-21T01:36:53.2588093-05:00" endTime="2025-09-21T01:36:53.2588093-05:00" testType="13cdc9d9-ddb5-4fa4-a97d-d965ccfc6d4b" outcome="Passed" testListId="8c84fa94-04c1-424b-9868-57a2d4851a1d" relativeResultsDirectory="e1f479ab-68e8-4393-8e89-5699a3fb971a" />
    <UnitTestResult executionId="d1e66b5b-c3f6-4352-bcca-c26692fc0f85" testId="99be37a9-1b9c-c74f-c39a-2098d0511761" testName="TONfile.Tests.Parser.TonParserTests.Should_Handle_Parse_Errors_With_Line_Info" computerName="TITAN" duration="00:00:00.0216508" startTime="2025-09-21T01:36:53.2654000-05:00" endTime="2025-09-21T01:36:53.2654000-05:00" testType="13cdc9d9-ddb5-4fa4-a97d-d965ccfc6d4b" outcome="Passed" testListId="8c84fa94-04c1-424b-9868-57a2d4851a1d" relativeResultsDirectory="d1e66b5b-c3f6-4352-bcca-c26692fc0f85" />
    <UnitTestResult executionId="c8387b14-2b53-408d-af29-dc573ecb3b6b" testId="34dacaf1-24f5-d40e-f86e-d72da87a27c4" testName="TONfile.Tests.Lexer.TonLexerTests.Should_Tokenize_Basic_Structure" computerName="TITAN" duration="00:00:00.0009581" startTime="2025-09-21T01:36:53.2653919-05:00" endTime="2025-09-21T01:36:53.2653919-05:00" testType="13cdc9d9-ddb5-4fa4-a97d-d965ccfc6d4b" outcome="Passed" testListId="8c84fa94-04c1-424b-9868-57a2d4851a1d" relativeResultsDirectory="c8387b14-2b53-408d-af29-dc573ecb3b6b" />
    <UnitTestResult executionId="9e8673df-d8c3-4f00-8366-de4134c07ce4" testId="ade84477-c324-c23a-a1f4-4f9cbbdd2a76" testName="TONfile.Tests.Parser.TonParserTests.Should_Parse_Hexadecimal_Numbers(hexValue: &quot;0xFF&quot;, expectedDecimal: 255)" computerName="TITAN" duration="00:00:00.0002057" startTime="2025-09-21T01:36:53.2608474-05:00" endTime="2025-09-21T01:36:53.2608475-05:00" testType="13cdc9d9-ddb5-4fa4-a97d-d965ccfc6d4b" outcome="Passed" testListId="8c84fa94-04c1-424b-9868-57a2d4851a1d" relativeResultsDirectory="9e8673df-d8c3-4f00-8366-de4134c07ce4" />
    <UnitTestResult executionId="0b7f8f0e-123c-44c9-b999-769d4591dec2" testId="b62dae98-ffb0-424b-3e73-fe4264d2ebad" testName="TONfile.Tests.Lexer.TonLexerTests.Should_Tokenize_Decimal_Numbers(input: &quot;123&quot;, expected: &quot;123&quot;)" computerName="TITAN" duration="00:00:00.0000046" startTime="2025-09-21T01:36:53.2623803-05:00" endTime="2025-09-21T01:36:53.2623804-05:00" testType="13cdc9d9-ddb5-4fa4-a97d-d965ccfc6d4b" outcome="Passed" testListId="8c84fa94-04c1-424b-9868-57a2d4851a1d" relativeResultsDirectory="0b7f8f0e-123c-44c9-b999-769d4591dec2" />
    <UnitTestResult executionId="2ef97b60-62f3-4342-98fb-6abd7a08c742" testId="4335e453-bb7d-ccf5-7bdf-8da6e5b995f2" testName="TONfile.Tests.Serializer.TonSerializerTests.Should_Escape_Special_Characters_In_Strings" computerName="TITAN" duration="00:00:00.0008226" startTime="2025-09-21T01:36:53.2653323-05:00" endTime="2025-09-21T01:36:53.2653324-05:00" testType="13cdc9d9-ddb5-4fa4-a97d-d965ccfc6d4b" outcome="Passed" testListId="8c84fa94-04c1-424b-9868-57a2d4851a1d" relativeResultsDirectory="2ef97b60-62f3-4342-98fb-6abd7a08c742" />
    <UnitTestResult executionId="8eb8c496-5ac0-4581-b578-4cf9c89998a3" testId="b84247b3-b4c6-db58-7ae1-0b50b248984d" testName="TONfile.Tests.Lexer.TonLexerTests.Should_Tokenize_Schema_Prefix" computerName="TITAN" duration="00:00:00.0008149" startTime="2025-09-21T01:36:53.2642023-05:00" endTime="2025-09-21T01:36:53.2642023-05:00" testType="13cdc9d9-ddb5-4fa4-a97d-d965ccfc6d4b" outcome="Passed" testListId="8c84fa94-04c1-424b-9868-57a2d4851a1d" relativeResultsDirectory="8eb8c496-5ac0-4581-b578-4cf9c89998a3" />
    <UnitTestResult executionId="e3af11b2-a443-4461-9e97-aacdcaa3b207" testId="7ce92090-36d4-df84-0406-74faaa3f9dc6" testName="TONfile.Tests.Lexer.TonLexerTests.Should_Tokenize_Enums(input: &quot;|0|&quot;, expected: &quot;|0|&quot;)" computerName="TITAN" duration="00:00:00.0080500" startTime="2025-09-21T01:36:53.1371178-05:00" endTime="2025-09-21T01:36:53.1371178-05:00" testType="13cdc9d9-ddb5-4fa4-a97d-d965ccfc6d4b" outcome="Passed" testListId="8c84fa94-04c1-424b-9868-57a2d4851a1d" relativeResultsDirectory="e3af11b2-a443-4461-9e97-aacdcaa3b207" />
    <UnitTestResult executionId="bf10732c-16b9-438a-aec5-92f04eb9036e" testId="d7877f90-40b9-de0b-2af5-2d2d32d1d2b7" testName="TONfile.Tests.ArrayTests.Parser_Should_ParseComplexNestedStructure" computerName="TITAN" duration="00:00:00.0008569" startTime="2025-09-21T01:36:53.2656353-05:00" endTime="2025-09-21T01:36:53.2656353-05:00" testType="13cdc9d9-ddb5-4fa4-a97d-d965ccfc6d4b" outcome="Passed" testListId="8c84fa94-04c1-424b-9868-57a2d4851a1d" relativeResultsDirectory="bf10732c-16b9-438a-aec5-92f04eb9036e" />
    <UnitTestResult executionId="63e563f4-5558-4659-a2e2-27332d2c1a32" testId="bfcdf580-9ff1-24cb-b3f9-2923f2ff0e70" testName="TONfile.Tests.Serializer.TonSerializerTests.Should_Serialize_From_Anonymous_Object" computerName="TITAN" duration="00:00:00.0013242" startTime="2025-09-21T01:36:53.2644769-05:00" endTime="2025-09-21T01:36:53.2644770-05:00" testType="13cdc9d9-ddb5-4fa4-a97d-d965ccfc6d4b" outcome="Passed" testListId="8c84fa94-04c1-424b-9868-57a2d4851a1d" relativeResultsDirectory="63e563f4-5558-4659-a2e2-27332d2c1a32" />
    <UnitTestResult executionId="91c8a0f8-9d78-48fd-a25c-6ac786d19489" testId="b424a0aa-b4ef-ea9f-5aee-fa5460caba4b" testName="TONfile.Tests.Lexer.TonLexerTests.Should_Tokenize_Decimal_Numbers(input: &quot;-456&quot;, expected: &quot;-456&quot;)" computerName="TITAN" duration="00:00:00.0000986" startTime="2025-09-21T01:36:53.2622242-05:00" endTime="2025-09-21T01:36:53.2622242-05:00" testType="13cdc9d9-ddb5-4fa4-a97d-d965ccfc6d4b" outcome="Passed" testListId="8c84fa94-04c1-424b-9868-57a2d4851a1d" relativeResultsDirectory="91c8a0f8-9d78-48fd-a25c-6ac786d19489" />
    <UnitTestResult executionId="c2d02d46-b7f3-4465-9141-3d1d4937ef38" testId="fb921481-959d-8c8b-6549-621dc4ab99b0" testName="TONfile.Tests.Serializer.TonSerializerTests.Should_Quote_Property_Names_When_Needed" computerName="TITAN" duration="00:00:00.0003254" startTime="2025-09-21T01:36:53.2652920-05:00" endTime="2025-09-21T01:36:53.2652920-05:00" testType="13cdc9d9-ddb5-4fa4-a97d-d965ccfc6d4b" outcome="Passed" testListId="8c84fa94-04c1-424b-9868-57a2d4851a1d" relativeResultsDirectory="c2d02d46-b7f3-4465-9141-3d1d4937ef38" />
    <UnitTestResult executionId="3fd29af5-7080-455d-94cb-31effcac70c9" testId="b5d757cc-8a39-5e18-928d-87dcdec56809" testName="TONfile.Tests.Lexer.TonLexerTests.Should_Tokenize_Keywords(input: &quot;undefined&quot;, expectedType: Undefined)" computerName="TITAN" duration="00:00:00.0001138" startTime="2025-09-21T01:36:53.2644926-05:00" endTime="2025-09-21T01:36:53.2644927-05:00" testType="13cdc9d9-ddb5-4fa4-a97d-d965ccfc6d4b" outcome="Passed" testListId="8c84fa94-04c1-424b-9868-57a2d4851a1d" relativeResultsDirectory="3fd29af5-7080-455d-94cb-31effcac70c9" />
    <UnitTestResult executionId="ed372703-26b0-4007-bbfa-7159338e3333" testId="08e4dc0c-d801-ace1-c680-28aea3bec9f8" testName="TONfile.Tests.Parser.TonParserTests.Should_Parse_Document_Header" computerName="TITAN" duration="00:00:00.0001633" startTime="2025-09-21T01:36:53.2558716-05:00" endTime="2025-09-21T01:36:53.2558716-05:00" testType="13cdc9d9-ddb5-4fa4-a97d-d965ccfc6d4b" outcome="Passed" testListId="8c84fa94-04c1-424b-9868-57a2d4851a1d" relativeResultsDirectory="ed372703-26b0-4007-bbfa-7159338e3333" />
    <UnitTestResult executionId="7f4f1023-4429-4a9d-8981-9e5d8c794ed2" testId="024cc354-a82e-d206-e8c0-d3b29edcc28f" testName="TONfile.Tests.ArrayTests.Serializer_Should_SerializeNestedArrays" computerName="TITAN" duration="00:00:00.0055488" startTime="2025-09-21T01:36:53.2606004-05:00" endTime="2025-09-21T01:36:53.2606005-05:00" testType="13cdc9d9-ddb5-4fa4-a97d-d965ccfc6d4b" outcome="Passed" testListId="8c84fa94-04c1-424b-9868-57a2d4851a1d" relativeResultsDirectory="7f4f1023-4429-4a9d-8981-9e5d8c794ed2" />
    <UnitTestResult executionId="4b0096b7-fa54-49d0-80e0-c5bfad884d28" testId="3b1e7139-ade1-b912-9b93-d53a64c4378b" testName="TONfile.Tests.Parser.TonParserTests.Should_Parse_GUIDs" computerName="TITAN" duration="00:00:00.0013505" startTime="2025-09-21T01:36:53.2730226-05:00" endTime="2025-09-21T01:36:53.2730228-05:00" testType="13cdc9d9-ddb5-4fa4-a97d-d965ccfc6d4b" outcome="Failed" testListId="8c84fa94-04c1-424b-9868-57a2d4851a1d" relativeResultsDirectory="4b0096b7-fa54-49d0-80e0-c5bfad884d28">
      <Output>
        <ErrorInfo>
          <Message>TONfile.TonParseException : Expected RightBrace but got </Message>
          <StackTrace>   at TONfile.TonDocumentParser.Consume(TonTokenType expectedType) in C:\Dev\DevPossible\TONfile\TONfile\TonParser.cs:line 567&#xD;
   at TONfile.TonDocumentParser.ParseObject() in C:\Dev\DevPossible\TONfile\TONfile\TonParser.cs:line 244&#xD;
   at TONfile.TonDocumentParser.ParseDocument() in C:\Dev\DevPossible\TONfile\TONfile\TonParser.cs:line 114&#xD;
   at TONfile.TonParser.Parse(String content, TonParseOptions options) in C:\Dev\DevPossible\TONfile\TONfile\TonParser.cs:line 28&#xD;
   at TONfile.Tests.Parser.TonParserTests.Should_Parse_GUIDs() in C:\Dev\DevPossible\TONfile\TONfile.Tests\Parser\TonParserTests.cs:line 196&#xD;
   at System.RuntimeMethodHandle.InvokeMethod(Object target, Void** arguments, Signature sig, Boolean isConstructor)&#xD;
   at System.Reflection.MethodBaseInvoker.InvokeWithNoArgs(Object obj, BindingFlags invokeAttr)</StackTrace>
        </ErrorInfo>
      </Output>
    </UnitTestResult>
    <UnitTestResult executionId="a3a5ed86-8eb6-404b-8658-553c6b61802a" testId="bc66a012-36c1-8a67-4f74-2de13840f7bd" testName="TONfile.Tests.Serializer.TonSerializerTests.Should_Serialize_Null_And_Undefined" computerName="TITAN" duration="00:00:00.0008906" startTime="2025-09-21T01:36:53.2632712-05:00" endTime="2025-09-21T01:36:53.2632713-05:00" testType="13cdc9d9-ddb5-4fa4-a97d-d965ccfc6d4b" outcome="Passed" testListId="8c84fa94-04c1-424b-9868-57a2d4851a1d" relativeResultsDirectory="a3a5ed86-8eb6-404b-8658-553c6b61802a" />
    <UnitTestResult executionId="7a0ff7fc-92de-4462-a2a6-46150894a48b" testId="5424816d-d54d-dd55-eb0f-103b1432b22b" testName="TONfile.Tests.Performance.PerformanceTests.Should_Optimize_With_Type_Hints" computerName="TITAN" duration="00:00:00.5640688" startTime="2025-09-21T01:36:55.1473703-05:00" endTime="2025-09-21T01:36:55.1473707-05:00" testType="13cdc9d9-ddb5-4fa4-a97d-d965ccfc6d4b" outcome="Passed" testListId="8c84fa94-04c1-424b-9868-57a2d4851a1d" relativeResultsDirectory="7a0ff7fc-92de-4462-a2a6-46150894a48b" />
    <UnitTestResult executionId="c9d59eb1-aea3-408c-af42-92957d25e476" testId="7e86d9a6-d7a7-5fd8-728a-c05822515350" testName="TONfile.Tests.Parser.TonParserTests.Should_Parse_Quoted_Property_Names" computerName="TITAN" duration="00:00:00.0001698" startTime="2025-09-21T01:36:53.2658674-05:00" endTime="2025-09-21T01:36:53.2658674-05:00" testType="13cdc9d9-ddb5-4fa4-a97d-d965ccfc6d4b" outcome="Passed" testListId="8c84fa94-04c1-424b-9868-57a2d4851a1d" relativeResultsDirectory="c9d59eb1-aea3-408c-af42-92957d25e476" />
    <UnitTestResult executionId="d2a95e78-8cc4-46b2-93f9-dc0a9358d8de" testId="3567cc73-0af0-791c-2db0-642b302822b8" testName="TONfile.Tests.ArrayTests.Validator_Should_ValidateArrayMaxCount" computerName="TITAN" duration="00:00:00.0014905" startTime="2025-09-21T01:36:53.2619977-05:00" endTime="2025-09-21T01:36:53.2619977-05:00" testType="13cdc9d9-ddb5-4fa4-a97d-d965ccfc6d4b" outcome="Passed" testListId="8c84fa94-04c1-424b-9868-57a2d4851a1d" relativeResultsDirectory="d2a95e78-8cc4-46b2-93f9-dc0a9358d8de" />
    <UnitTestResult executionId="f99d8391-bb4d-4361-87a3-fdc420c8d929" testId="132a738f-6fc5-612b-0769-7a76807d5613" testName="TONfile.Tests.EdgeCases.EdgeCaseTests.Should_Handle_Extreme_Number_Values" computerName="TITAN" duration="00:00:00.0200663" startTime="2025-09-21T01:36:53.2609087-05:00" endTime="2025-09-21T01:36:53.2609088-05:00" testType="13cdc9d9-ddb5-4fa4-a97d-d965ccfc6d4b" outcome="Passed" testListId="8c84fa94-04c1-424b-9868-57a2d4851a1d" relativeResultsDirectory="f99d8391-bb4d-4361-87a3-fdc420c8d929" />
    <UnitTestResult executionId="ea7fb9c1-517d-4e68-a1e7-b48b8b6e6ba3" testId="cbbf0887-6fa6-8e99-9c7c-3743d07f6e2c" testName="TONfile.Tests.Validation.TonValidatorTests.Should_Validate_EnumSet_Values" computerName="TITAN" duration="00:00:00.0059874" startTime="2025-09-21T01:36:53.2606119-05:00" endTime="2025-09-21T01:36:53.2606119-05:00" testType="13cdc9d9-ddb5-4fa4-a97d-d965ccfc6d4b" outcome="Passed" testListId="8c84fa94-04c1-424b-9868-57a2d4851a1d" relativeResultsDirectory="ea7fb9c1-517d-4e68-a1e7-b48b8b6e6ba3" />
    <UnitTestResult executionId="a470b9c2-9380-449f-ae7d-7ee89c74ed71" testId="208fe651-afba-0ab9-78da-53b97d8437ee" testName="TONfile.Tests.Lexer.TonLexerTests.Should_Tokenize_Strings_With_Double_Quotes" computerName="TITAN" duration="00:00:00.0009566" startTime="2025-09-21T01:36:53.2645533-05:00" endTime="2025-09-21T01:36:53.2645533-05:00" testType="13cdc9d9-ddb5-4fa4-a97d-d965ccfc6d4b" outcome="Passed" testListId="8c84fa94-04c1-424b-9868-57a2d4851a1d" relativeResultsDirectory="a470b9c2-9380-449f-ae7d-7ee89c74ed71" />
    <UnitTestResult executionId="91aa7589-c17f-4a5c-818d-6aae253eef65" testId="4d48f442-f18e-950f-13d1-df4c27914b62" testName="TONfile.Tests.Lexer.TonLexerTests.Should_Skip_Single_Line_Comments" computerName="TITAN" duration="00:00:00.0015747" startTime="2025-09-21T01:36:53.2641396-05:00" endTime="2025-09-21T01:36:53.2641396-05:00" testType="13cdc9d9-ddb5-4fa4-a97d-d965ccfc6d4b" outcome="Passed" testListId="8c84fa94-04c1-424b-9868-57a2d4851a1d" relativeResultsDirectory="91aa7589-c17f-4a5c-818d-6aae253eef65" />
    <UnitTestResult executionId="ea9a6fc5-eb80-4579-94fc-d13420f2b5f2" testId="632f9869-d01f-b42d-5fdd-6fb43d40d42f" testName="TONfile.Tests.EdgeCases.EdgeCaseTests.Should_Handle_Missing_Root_Braces" computerName="TITAN" duration="00:00:00.0011696" startTime="2025-09-21T01:36:53.2664344-05:00" endTime="2025-09-21T01:36:53.2664344-05:00" testType="13cdc9d9-ddb5-4fa4-a97d-d965ccfc6d4b" outcome="Passed" testListId="8c84fa94-04c1-424b-9868-57a2d4851a1d" relativeResultsDirectory="ea9a6fc5-eb80-4579-94fc-d13420f2b5f2" />
    <UnitTestResult executionId="8cd5d9c2-9126-45b4-a48e-434e3a7ddeae" testId="c9ef7c7c-65ef-4895-200e-3632de129a44" testName="TONfile.Tests.Validation.TonValidatorTests.Should_Validate_NotNull_Constraint" computerName="TITAN" duration="00:00:00.0009827" startTime="2025-09-21T01:36:53.2653122-05:00" endTime="2025-09-21T01:36:53.2653122-05:00" testType="13cdc9d9-ddb5-4fa4-a97d-d965ccfc6d4b" outcome="Passed" testListId="8c84fa94-04c1-424b-9868-57a2d4851a1d" relativeResultsDirectory="8cd5d9c2-9126-45b4-a48e-434e3a7ddeae" />
[...]
    <TestEntry testId="4aff4d15-4850-930e-2065-873206c9751e" executionId="ace56f08-9ba3-47f6-afcf-dea5cdb62cb4" testListId="8c84fa94-04c1-424b-9868-57a2d4851a1d" />
    <TestEntry testId="935d907a-0519-9f9c-f0ad-89ea5c59b1e0" executionId="0897c6f8-fc08-46f3-981c-a09145c8179f" testListId="8c84fa94-04c1-424b-9868-57a2d4851a1d" />
    <TestEntry testId="93e85aa8-f013-6e47-7561-4a37206d2c6c" executionId="760b976c-ab41-4932-a44d-875ccfb09514" testListId="8c84fa94-04c1-424b-9868-57a2d4851a1d" />
    <TestEntry testId="e1e5b723-85e2-8c23-ce3d-f132e5f240b2" executionId="434372e2-12dc-4abd-8171-e80d5764c6bc" testListId="8c84fa94-04c1-424b-9868-57a2d4851a1d" />
    <TestEntry testId="50eb7d2c-001a-0d7a-25fb-db8391b5744b" executionId="04e51c04-9437-4633-82d2-88a3253ee869" testListId="8c84fa94-04c1-424b-9868-57a2d4851a1d" />
    <TestEntry testId="17e755a1-b769-8927-06fe-aa18117694b1" executionId="73fcd659-3f01-4247-bed5-ef8b7a29f636" testListId="8c84fa94-04c1-424b-9868-57a2d4851a1d" />
    <TestEntry testId="ea8dc9c9-f418-0464-4009-979c21c964a0" executionId="bb879fef-ed4b-4074-9479-2a2997f99f2f" testListId="8c84fa94-04c1-424b-9868-57a2d4851a1d" />
    <TestEntry testId="13bf97e1-ba80-32c4-27c2-9ee3dd6629b5" executionId="beb8b050-c87e-4e6e-9e29-eb65632ee3fa" testListId="8c84fa94-04c1-424b-9868-57a2d4851a1d" />
    <TestEntry testId="89a394d6-42ff-4a57-2952-f3d505b40c1a" executionId="dcbb5654-b742-4856-9708-0618c57ad496" testListId="8c84fa94-04c1-424b-9868-57a2d4851a1d" />
    <TestEntry testId="f3f216ed-f69f-9cc1-26b9-501414cebe01" executionId="a295f3b4-1b05-4c70-8fec-692e80c36b69" testListId="8c84fa94-04c1-424b-9868-57a2d4851a1d" />
    <TestEntry testId="50b0696c-15c7-b54c-da0f-c6ed41f37364" executionId="7403e050-17dc-47b3-8773-94b41add225a" testListId="8c84fa94-04c1-424b-9868-57a2d4851a1d" />
    <TestEntry testId="9cc61431-b1f4-8098-c14e-384b9a5f4028" executionId="a2a4ff67-b643-4d44-ab2b-187a3bb565a3" testListId="8c84fa94-04c1-424b-9868-57a2d4851a1d" />
    <TestEntry testId="5289f9b6-e8ef-bc1a-2ab6-532b7910db67" executionId="5de0c88a-7c29-447c-a022-c0c488d15c70" testListId="8c84fa94-04c1-424b-9868-57a2d4851a1d" />
    <TestEntry testId="9ccef886-432b-5d62-6fc2-9cdb872074dc" executionId="f6c34c5c-14ea-433b-be14-73428565b073" testListId="8c84fa94-04c1-424b-9868-57a2d4851a1d" />
    <TestEntry testId="bc4f5371-bdfe-84b0-a077-b78af92ce984" executionId="c80ca800-b29c-435a-b4ab-91af2307ee7b" testListId="8c84fa94-04c1-424b-9868-57a2d4851a1d" />
    <TestEntry testId="c62c9f8d-e8ea-11d7-5881-298052c79a4f" executionId="c2bc53a7-b39e-4861-a683-3178a631513b" testListId="8c84fa94-04c1-424b-9868-57a2d4851a1d" />
    <TestEntry testId="65597a34-55db-ac1c-a394-072ec4872c37" executionId="6bce7cdb-c019-4b80-83b4-71850b54a591" testListId="8c84fa94-04c1-424b-9868-57a2d4851a1d" />
    <TestEntry testId="fde96ae5-1cd9-b226-233f-9a7d91f3cb17" executionId="fefbc0d7-ef13-4a2c-9e67-de1aaaba11a6" testListId="8c84fa94-04c1-424b-9868-57a2d4851a1d" />
    <TestEntry testId="7febafef-f89c-539a-8476-f267bec9f939" executionId="4f5f7528-947e-4a0f-b110-6b4d9b77ae28" testListId="8c84fa94-04c1-424b-9868-57a2d4851a1d" />
    <TestEntry testId="7a326cd9-5371-89de-d24d-94306ddc0004" executionId="55287722-8644-4ab1-bc48-67f09cd2081b" testListId="8c84fa94-04c1-424b-9868-57a2d4851a1d" />
    <TestEntry testId="f72f9f83-1f7f-581a-984c-13f719f0b6d3" executionId="14a313ef-ea46-4baa-ab1b-09767eb81aa6" testListId="8c84fa94-04c1-424b-9868-57a2d4851a1d" />
    <TestEntry testId="ba325a20-b4f7-c90e-92c1-af0413fdd85b" executionId="42e08a93-a3a5-4419-ae9c-a183b58aef39" testListId="8c84fa94-04c1-424b-9868-57a2d4851a1d" />
    <TestEntry testId="947e4b63-11c9-78e9-9609-aabe9d56123f" executionId="ae280e53-a0e3-4d14-b330-48181dd59e37" testListId="8c84fa94-04c1-424b-9868-57a2d4851a1d" />
    <TestEntry testId="34b80579-9eaf-8a95-e544-0696ebd47a3d" executionId="e1f479ab-68e8-4393-8e89-5699a3fb971a" testListId="8c84fa94-04c1-424b-9868-57a2d4851a1d" />
    <TestEntry testId="99be37a9-1b9c-c74f-c39a-2098d0511761" executionId="d1e66b5b-c3f6-4352-bcca-c26692fc0f85" testListId="8c84fa94-04c1-424b-9868-57a2d4851a1d" />
    <TestEntry testId="34dacaf1-24f5-d40e-f86e-d72da87a27c4" executionId="c8387b14-2b53-408d-af29-dc573ecb3b6b" testListId="8c84fa94-04c1-424b-9868-57a2d4851a1d" />
    <TestEntry testId="ade84477-c324-c23a-a1f4-4f9cbbdd2a76" executionId="9e8673df-d8c3-4f00-8366-de4134c07ce4" testListId="8c84fa94-04c1-424b-9868-57a2d4851a1d" />
    <TestEntry testId="b62dae98-ffb0-424b-3e73-fe4264d2ebad" executionId="0b7f8f0e-123c-44c9-b999-769d4591dec2" testListId="8c84fa94-04c1-424b-9868-57a2d4851a1d" />
    <TestEntry testId="4335e453-bb7d-ccf5-7bdf-8da6e5b995f2" executionId="2ef97b60-62f3-4342-98fb-6abd7a08c742" testListId="8c84fa94-04c1-424b-9868-57a2d4851a1d" />
    <TestEntry testId="b84247b3-b4c6-db58-7ae1-0b50b248984d" executionId="8eb8c496-5ac0-4581-b578-4cf9c89998a3" testListId="8c84fa94-04c1-424b-9868-57a2d4851a1d" />
    <TestEntry testId="7ce92090-36d4-df84-0406-74faaa3f9dc6" executionId="e3af11b2-a443-4461-9e97-aacdcaa3b207" testListId="8c84fa94-04c1-424b-9868-57a2d4851a1d" />
    <TestEntry testId="d7877f90-40b9-de0b-2af5-2d2d32d1d2b7" executionId="bf10732c-16b9-438a-aec5-92f04eb9036e" testListId="8c84fa94-04c1-424b-9868-57a2d4851a1d" />
    <TestEntry testId="bfcdf580-9ff1-24cb-b3f9-2923f2ff0e70" executionId="63e563f4-5558-4659-a2e2-27332d2c1a32" testListId="8c84fa94-04c1-424b-9868-57a2d4851a1d" />
    <TestEntry testId="b424a0aa-b4ef-ea9f-5aee-fa5460caba4b" executionId="91c8a0f8-9d78-48fd-a25c-6ac786d19489" testListId="8c84fa94-04c1-424b-9868-57a2d4851a1d" />
    <TestEntry testId="fb921481-959d-8c8b-6549-621dc4ab99b0" executionId="c2d02d46-b7f3-4465-9141-3d1d4937ef38" testListId="8c84fa94-04c1-424b-9868-57a2d4851a1d" />
    <TestEntry testId="b5d757cc-8a39-5e18-928d-87dcdec56809" executionId="3fd29af5-7080-455d-94cb-31effcac70c9" testListId="8c84fa94-04c1-424b-9868-57a2d4851a1d" />
    <TestEntry testId="08e4dc0c-d801-ace1-c680-28aea3bec9f8" executionId="ed372703-26b0-4007-bbfa-7159338e3333" testListId="8c84fa94-04c1-424b-9868-57a2d4851a1d" />
    <TestEntry testId="024cc354-a82e-d206-e8c0-d3b29edcc28f" executionId="7f4f1023-4429-4a9d-8981-9e5d8c794ed2" testListId="8c84fa94-04c1-424b-9868-57a2d4851a1d" />
    <TestEntry testId="3b1e7139-ade1-b912-9b93-d53a64c4378b" executionId="4b0096b7-fa54-49d0-80e0-c5bfad884d28" testListId="8c84fa94-04c1-424b-9868-57a2d4851a1d" />
    <TestEntry testId="bc66a012-36c1-8a67-4f74-2de13840f7bd" executionId="a3a5ed86-8eb6-404b-8658-553c6b61802a" testListId="8c84fa94-04c1-424b-9868-57a2d4851a1d" />
    <TestEntry testId="5424816d-d54d-dd55-eb0f-103b1432b22b" executionId="7a0ff7fc-92de-4462-a2a6-46150894a48b" testListId="8c84fa94-04c1-424b-9868-57a2d4851a1d" />
    <TestEntry testId="7e86d9a6-d7a7-5fd8-728a-c05822515350" executionId="c9d59eb1-aea3-408c-af42-92957d25e476" testListId="8c84fa94-04c1-424b-9868-57a2d4851a1d" />
    <TestEntry testId="3567cc73-0af0-791c-2db0-642b302822b8" executionId="d2a95e78-8cc4-46b2-93f9-dc0a9358d8de" testListId="8c84fa94-04c1-424b-9868-57a2d4851a1d" />
    <TestEntry testId="132a738f-6fc5-612b-0769-7a76807d5613" executionId="f99d8391-bb4d-4361-87a3-fdc420c8d929" testListId="8c84fa94-04c1-424b-9868-57a2d4851a1d" />
    <TestEntry testId="cbbf0887-6fa6-8e99-9c7c-3743d07f6e2c" executionId="ea7fb9c1-517d-4e68-a1e7-b48b8b6e6ba3" testListId="8c84fa94-04c1-424b-9868-57a2d4851a1d" />
    <TestEntry testId="208fe651-afba-0ab9-78da-53b97d8437ee" executionId="a470b9c2-9380-449f-ae7d-7ee89c74ed71" testListId="8c84fa94-04c1-424b-9868-57a2d4851a1d" />
    <TestEntry testId="4d48f442-f18e-950f-13d1-df4c27914b62" executionId="91aa7589-c17f-4a5c-818d-6aae253eef65" testListId="8c84fa94-04c1-424b-9868-57a2d4851a1d" />
    <TestEntry testId="632f9869-d01f-b42d-5fdd-6fb43d40d42f" executionId="ea9a6fc5-eb80-4579-94fc-d13420f2b5f2" testListId="8c84fa94-04c1-424b-9868-57a2d4851a1d" />
    <TestEntry testId="c9ef7c7c-65ef-4895-200e-3632de129a44" executionId="8cd5d9c2-9126-45b4-a48e-434e3a7ddeae" testListId="8c84fa94-04c1-424b-9868-57a2d4851a1d" />
    <TestEntry testId="87eb07d5-07a1-f873-633b-e6417881ce41" executionId="bd3a3a4c-1101-49d3-a74f-e27db499400f" testListId="8c84fa94-04c1-424b-9868-57a2d4851a1d" />
    <TestEntry testId="c9ab1a66-1ef4-13c1-2035-5a97dfe29a3b" executionId="7a6de5e8-2ea9-48fd-8b69-374524585a99" testListId="8c84fa94-04c1-424b-9868-57a2d4851a1d" />
    <TestEntry testId="318964c2-60e8-1a4e-0212-335f4fd0b905" executionId="eb2414aa-9af6-445d-a2cd-32f6f9ca7a6b" testListId="8c84fa94-04c1-424b-9868-57a2d4851a1d" />
    <TestEntry testId="1284ef0a-5d6a-9a47-d2d4-6319725a22d6" executionId="d2fafa63-3412-40e2-b7dc-308151d41ea3" testListId="8c84fa94-04c1-424b-9868-57a2d4851a1d" />
    <TestEntry testId="da070dd6-8649-3e85-b264-e0dcc0a38e39" executionId="d604c38e-2a52-4068-bd1f-9433228f9783" testListId="8c84fa94-04c1-424b-9868-57a2d4851a1d" />
    <TestEntry testId="6ad3cacc-faf5-d5eb-75b5-4bcf25e2262c" executionId="d36d0387-76af-4a21-90cc-2ac1ddba8c2d" testListId="8c84fa94-04c1-424b-9868-57a2d4851a1d" />
    <TestEntry testId="0c5f6cc4-35d7-2206-b035-8d017ef1a532" executionId="3852520f-de5a-4422-848a-1453f21c6159" testListId="8c84fa94-04c1-424b-9868-57a2d4851a1d" />
    <TestEntry testId="973f73d7-af4e-aec5-0fd8-dcf803104849" executionId="b7e9eb05-2296-4e3d-9514-448a0c777ef3" testListId="8c84fa94-04c1-424b-9868-57a2d4851a1d" />
    <TestEntry testId="c4779473-96ef-081f-b4d1-06bcec4ef9d1" executionId="0bed9458-0753-49a7-9276-7912bacbc457" testListId="8c84fa94-04c1-424b-9868-57a2d4851a1d" />
    <TestEntry testId="286a8a1c-7e45-19f3-3829-6425cf05564b" executionId="b99bf212-a29a-4696-b14b-736d6e239bbc" testListId="8c84fa94-04c1-424b-9868-57a2d4851a1d" />
    <TestEntry testId="cb2a644e-4ea7-1373-3f54-1f21d9b5501c" executionId="a78f407e-f578-4e1e-860f-73145a41f52d" testListId="8c84fa94-04c1-424b-9868-57a2d4851a1d" />
    <TestEntry testId="33260c83-5dd0-a522-758c-96f94fab50d0" executionId="437c5788-7bfe-4dd5-994f-c5a4701fc07f" testListId="8c84fa94-04c1-424b-9868-57a2d4851a1d" />
    <TestEntry testId="e7c2b419-5fb7-1320-c728-8897be3f2dbe" executionId="a6453c72-7c0f-4922-b7e8-f218d7edf8b5" testListId="8c84fa94-04c1-424b-9868-57a2d4851a1d" />
    <TestEntry testId="aaf965b8-f235-d324-6cc1-754f0b1a5364" executionId="593427c4-9934-4db2-89b8-a46b855a1fdd" testListId="8c84fa94-04c1-424b-9868-57a2d4851a1d" />
    <TestEntry testId="e35f7e2e-37ac-0936-00e4-e6e40d57a950" executionId="fe14a684-d9b4-4723-aef6-c11a37f353f1" testListId="8c84fa94-04c1-424b-9868-57a2d4851a1d" />
    <TestEntry testId="8588d29c-c805-b18c-544a-de979463db8b" executionId="56549ba6-c48f-4eca-a887-934c962799ed" testListId="8c84fa94-04c1-424b-9868-57a2d4851a1d" />
    <TestEntry testId="a1051693-b89e-fa23-6d40-ea7bfefa6845" executionId="059e3dbc-42a9-4da1-b63d-5fe24c6558b6" testListId="8c84fa94-04c1-424b-9868-57a2d4851a1d" />
    <TestEntry testId="cd03cec9-7704-8dc0-8d9f-9ca87913ff49" executionId="d0c968fd-d297-4f3e-9c5c-01224286b46a" testListId="8c84fa94-04c1-424b-9868-57a2d4851a1d" />
    <TestEntry testId="db13261f-325e-c354-af9e-ac13cb589d0f" executionId="51529078-5438-417c-9023-77a1b95ec9f3" testListId="8c84fa94-04c1-424b-9868-57a2d4851a1d" />
  </TestEntries>
  <TestLists>
    <TestList name="Results Not in a List" id="8c84fa94-04c1-424b-9868-57a2d4851a1d" />
    <TestList name="All Loaded Results" id="19431567-8539-422a-85d7-44ee4e166bda" />
  </TestLists>
  <ResultSummary outcome="Failed">
    <Counters total="162" executed="162" passed="157" failed="5" error="0" timeout="0" aborted="0" inconclusive="0" passedButRunAborted="0" notRunnable="0" notExecuted="0" disconnected="0" warning="0" completed="0" inProgress="0" pending="0" />
    <Output>
      <StdOut>[xUnit.net 00:00:00.00] xUnit.net VSTest Adapter v2.5.3.1+6b60a9e56a (64-bit .NET 8.0.20)&#xD;
[xUnit.net 00:00:00.04]   Discovering: TONfile.Tests&#xD;
[xUnit.net 00:00:00.08]   Discovered:  TONfile.Tests&#xD;
[xUnit.net 00:00:00.08]   Starting:    TONfile.Tests&#xD;
[xUnit.net 00:00:00.25]       TONfile.TonParseException : Expected RightBrace but got &#xD;
[xUnit.net 00:00:00.25]       Stack Trace:&#xD;
[xUnit.net 00:00:00.25]         C:\Dev\DevPossible\TONfile\TONfile\TonParser.cs(567,0): at TONfile.TonDocumentParser.Consume(TonTokenType expectedType)&#xD;
[xUnit.net 00:00:00.25]         C:\Dev\DevPossible\TONfile\TONfile\TonParser.cs(244,0): at TONfile.TonDocumentParser.ParseObject()&#xD;
[xUnit.net 00:00:00.25]         C:\Dev\DevPossible\TONfile\TONfile\TonParser.cs(114,0): at TONfile.TonDocumentParser.ParseDocument()&#xD;
[xUnit.net 00:00:00.25]         C:\Dev\DevPossible\TONfile\TONfile\TonParser.cs(28,0): at TONfile.TonParser.Parse(String content, TonParseOptions options)&#xD;
[xUnit.net 00:00:00.25]         C:\Dev\DevPossible\TONfile\TONfile.Tests\Parser\TonParserTests.cs(196,0): at TONfile.Tests.Parser.TonParserTests.Should_Parse_GUIDs()&#xD;
[xUnit.net 00:00:00.25]            at System.RuntimeMethodHandle.InvokeMethod(Object target, Void** arguments, Signature sig, Boolean isConstructor)&#xD;
[xUnit.net 00:00:00.25]            at System.Reflection.MethodBaseInvoker.InvokeWithNoArgs(Object obj, BindingFlags invokeAttr)&#xD;
[xUnit.net 00:00:00.26]       Expected exception message to match the equivalent of "*Expected*=*", but "Expected Equals but got String at line 1, column 8" does not.&#xD;
[xUnit.net 00:00:00.26]       &#xD;
[xUnit.net 00:00:00.26]       Stack Trace:&#xD;
[xUnit.net 00:00:00.26]            at FluentAssertions.Execution.XUnit2TestFramework.Throw(String message)&#xD;
[xUnit.net 00:00:00.26]            at FluentAssertions.Execution.TestFrameworkProvider.Throw(String message)&#xD;
[xUnit.net 00:00:00.26]            at FluentAssertions.Execution.CollectingAssertionStrategy.ThrowIfAny(IDictionary`2 context)&#xD;
[xUnit.net 00:00:00.26]            at FluentAssertions.Execution.AssertionScope.Dispose()&#xD;
[xUnit.net 00:00:00.26]            at FluentAssertions.Specialized.ExceptionAssertions`1.ExceptionMessageAssertion.Execute(IEnumerable`1 messages, String expectation, String because, Object[] becauseArgs)&#xD;
[xUnit.net 00:00:00.26]            at FluentAssertions.Specialized.ExceptionAssertions`1.WithMessage(String expectedWildcardPattern, String because, Object[] becauseArgs)&#xD;
[xUnit.net 00:00:00.26]         C:\Dev\DevPossible\TONfile\TONfile.Tests\EdgeCases\EdgeCaseTests.cs(269,0): at TONfile.Tests.EdgeCases.EdgeCaseTests.Should_Handle_Missing_Equals_Sign()&#xD;
[xUnit.net 00:00:00.26]            at System.RuntimeMethodHandle.InvokeMethod(Object target, Void** arguments, Signature sig, Boolean isConstructor)&#xD;
[xUnit.net 00:00:00.26]            at System.Reflection.MethodBaseInvoker.InvokeWithNoArgs(Object obj, BindingFlags invokeAttr)&#xD;
[xUnit.net 00:00:00.27]       System.ArgumentException : Object of type 'System.Collections.Generic.List`1[System.Object]' cannot be converted to type 'System.String[]'.&#xD;
[xUnit.net 00:00:00.27]       Stack Trace:&#xD;
[xUnit.net 00:00:00.27]            at System.RuntimeType.CheckValue(Object&amp; value, Binder binder, CultureInfo culture, BindingFlags invokeAttr)&#xD;
[xUnit.net 00:00:00.27]            at System.Reflection.RuntimePropertyInfo.SetValue(Object obj, Object value, Object[] index)&#xD;
[xUnit.net 00:00:00.27]         C:\Dev\DevPossible\TONfile\TONfile\TonObject.cs(220,0): at TONfile.TonObject.ToObject[T]()&#xD;
[xUnit.net 00:00:00.27]         C:\Dev\DevPossible\TONfile\TONfile.Tests\Integration\IntegrationTests.cs(227,0): at TONfile.Tests.Integration.IntegrationTests.Should_Convert_Between_Objects_And_Ton()&#xD;
[xUnit.net 00:00:00.27]            at System.RuntimeMethodHandle.InvokeMethod(Object target, Void** arguments, Signature sig, Boolean isConstructor)&#xD;
[xUnit.net 00:00:00.27]            at System.Reflection.MethodBaseInvoker.InvokeWithNoArgs(Object obj, BindingFlags invokeAttr)&#xD;
[xUnit.net 00:00:00.29]       Expected root.InstanceCountHint to be 1, but found &lt;null&gt;.&#xD;
[xUnit.net 00:00:00.29]       Stack Trace:&#xD;
[xUnit.net 00:00:00.29]            at FluentAssertions.Execution.XUnit2TestFramework.Throw(String message)&#xD;
[xUnit.net 00:00:00.29]            at FluentAssertions.Execution.TestFrameworkProvider.Throw(String message)&#xD;
[xUnit.net 00:00:00.29]            at FluentAssertions.Execution.DefaultAssertionStrategy.HandleFailure(String message)&#xD;
[xUnit.net 00:00:00.29]            at FluentAssertions.Execution.AssertionScope.FailWith(Func`1 failReasonFunc)&#xD;
[xUnit.net 00:00:00.29]            at FluentAssertions.Execution.AssertionScope.FailWith(Func`1 failReasonFunc)&#xD;
[xUnit.net 00:00:00.29]            at FluentAssertions.Execution.AssertionScope.FailWith(String message, Object[] args)&#xD;
[xUnit.net 00:00:00.29]            at FluentAssertions.Numeric.NumericAssertions`2.Be(T expected, String because, Object[] becauseArgs)&#xD;
[xUnit.net 00:00:00.29]         C:\Dev\DevPossible\TONfile\TONfile.Tests\Integration\IntegrationTests.cs(91,0): at TONfile.Tests.Integration.IntegrationTests.Should_RoundTrip_Complex_Document()&#xD;
[xUnit.net 00:00:00.29]            at System.RuntimeMethodHandle.InvokeMethod(Object target, Void** arguments, Signature sig, Boolean isConstructor)&#xD;
[xUnit.net 00:00:00.29]            at System.Reflection.MethodBaseInvoker.InvokeWithNoArgs(Object obj, BindingFlags invokeAttr)&#xD;
[xUnit.net 00:00:02.13]       TONfile.TonParseException : Expected RightBrace but got &#xD;
[xUnit.net 00:00:02.13]       Stack Trace:&#xD;
[xUnit.net 00:00:02.13]         C:\Dev\DevPossible\TONfile\TONfile\TonParser.cs(567,0): at TONfile.TonDocumentParser.Consume(TonTokenType expectedType)&#xD;
[xUnit.net 00:00:02.13]         C:\Dev\DevPossible\TONfile\TONfile\TonParser.cs(244,0): at TONfile.TonDocumentParser.ParseObject()&#xD;
[xUnit.net 00:00:02.13]         C:\Dev\DevPossible\TONfile\TONfile\TonParser.cs(114,0): at TONfile.TonDocumentParser.ParseDocument()&#xD;
[xUnit.net 00:00:02.13]         C:\Dev\DevPossible\TONfile\TONfile\TonParser.cs(28,0): at TONfile.TonParser.Parse(String content, TonParseOptions options)&#xD;
[xUnit.net 00:00:02.13]         C:\Dev\DevPossible\TONfile\TONfile.Tests\Performance\PerformanceTests.cs(317,0): at TONfile.Tests.Performance.PerformanceTests.Should_Round_Trip_Efficiently()&#xD;
[xUnit.net 00:00:02.13]            at System.RuntimeMethodHandle.InvokeMethod(Object target, Void** arguments, Signature sig, Boolean isConstructor)&#xD;
[xUnit.net 00:00:02.13]            at System.Reflection.MethodBaseInvoker.InvokeWithNoArgs(Object obj, BindingFlags invokeAttr)&#xD;
[xUnit.net 00:00:02.13]   Finished:    TONfile.Tests&#xD;
</StdOut>
    </Output>
    <RunInfos>
      <RunInfo computerName="TITAN" outcome="Error" timestamp="2025-09-21T01:36:53.2707578-05:00">
        <Text>[xUnit.net 00:00:00.25]     TONfile.Tests.Parser.TonParserTests.Should_Parse_GUIDs [FAIL]</Text>
      </RunInfo>
      <RunInfo computerName="TITAN" outcome="Error" timestamp="2025-09-21T01:36:53.2746992-05:00">
        <Text>[xUnit.net 00:00:00.26]     TONfile.Tests.EdgeCases.EdgeCaseTests.Should_Handle_Missing_Equals_Sign [FAIL]</Text>
      </RunInfo>
      <RunInfo computerName="TITAN" outcome="Error" timestamp="2025-09-21T01:36:53.2872023-05:00">
        <Text>[xUnit.net 00:00:00.27]     TONfile.Tests.Integration.IntegrationTests.Should_Convert_Between_Objects_And_Ton [FAIL]</Text>
      </RunInfo>
      <RunInfo computerName="TITAN" outcome="Error" timestamp="2025-09-21T01:36:53.3041350-05:00">
        <Text>[xUnit.net 00:00:00.28]     TONfile.Tests.Integration.IntegrationTests.Should_RoundTrip_Complex_Document [FAIL]</Text>
      </RunInfo>
      <RunInfo computerName="TITAN" outcome="Error" timestamp="2025-09-21T01:36:55.1527086-05:00">
        <Text>[xUnit.net 00:00:02.13]     TONfile.Tests.Performance.PerformanceTests.Should_Round_Trip_Efficiently [FAIL]</Text>
      </RunInfo>
    </RunInfos>
  </ResultSummary>
</TestRun>